Log file open, 11/19/22 00:12:15
LogWindows: Failed to load 'aqProf.dll' (GetLastError=126)
LogWindows: File 'aqProf.dll' does not exist
LogWindows: Failed to load 'VtuneApi.dll' (GetLastError=126)
LogWindows: File 'VtuneApi.dll' does not exist
LogWindows: Failed to load 'VtuneApi32e.dll' (GetLastError=126)
LogWindows: File 'VtuneApi32e.dll' does not exist
LogConsoleResponse: Display: Failed to find resolution value strings in scalability ini. Falling back to default.
LogConsoleResponse: Display: Failed to find resolution value strings in scalability ini. Falling back to default.
LogInit: Display: Running engine for game: VehicleGame
LogPlatformFile: Not using cached read wrapper
LogTaskGraph: Started task graph with 5 named threads and 20 total threads with 3 sets of task threads.
LogStats: Stats thread started at 0.231070
LogICUInternationalization: ICU TimeZone Detection - Raw Offset: +1:00, Platform Override: ''
LogInit: Display: Loading text-based GConfig....
LogPluginManager: Mounting plugin MeshPainting
LogPluginManager: Mounting plugin XGEController
LogPluginManager: Mounting plugin Paper2D
LogPluginManager: Mounting plugin AISupport
LogPluginManager: Mounting plugin EnvironmentQueryEditor
LogPluginManager: Mounting plugin LiveLink
LogPluginManager: Mounting plugin LightPropagationVolume
LogPluginManager: Mounting plugin CameraShakePreviewer
LogPluginManager: Mounting plugin GameplayCameras
LogPluginManager: Mounting plugin OodleData
LogPluginManager: Mounting plugin OodleNetwork
LogPluginManager: Mounting plugin AnimationSharing
LogPluginManager: Mounting plugin CodeLiteSourceCodeAccess
LogPluginManager: Mounting plugin CLionSourceCodeAccess
LogPluginManager: Mounting plugin GitSourceControl
LogPluginManager: Mounting plugin KDevelopSourceCodeAccess
LogPluginManager: Mounting plugin NullSourceCodeAccess
LogPluginManager: Mounting plugin PerforceSourceControl
LogPluginManager: Mounting plugin PixWinPlugin
LogPluginManager: Mounting plugin PlasticSourceControl
LogPluginManager: Mounting plugin PluginUtils
LogPluginManager: Mounting plugin PropertyAccessNode
LogPluginManager: Mounting plugin RiderSourceCodeAccess
LogPluginManager: Mounting plugin SubversionSourceControl
LogPluginManager: Mounting plugin TextureFormatOodle
LogPluginManager: Mounting plugin UObjectPlugin
LogPluginManager: Mounting plugin VisualStudioSourceCodeAccess
LogPluginManager: Mounting plugin VisualStudioCodeSourceCodeAccess
LogPluginManager: Mounting plugin XCodeSourceCodeAccess
LogPluginManager: Mounting plugin DatasmithContent
LogPluginManager: Mounting plugin VariantManagerContent
LogPluginManager: Mounting plugin AssetManagerEditor
LogPluginManager: Mounting plugin Niagara
LogPluginManager: Mounting plugin CryptoKeys
LogPluginManager: Mounting plugin CurveEditorTools
LogPluginManager: Mounting plugin DataValidation
LogPluginManager: Mounting plugin FacialAnimation
LogPluginManager: Mounting plugin GameplayTagsEditor
LogPluginManager: Mounting plugin GeometryMode
LogPluginManager: Mounting plugin MacGraphicsSwitching
LogPluginManager: Mounting plugin MaterialAnalyzer
LogPluginManager: Mounting plugin MobileLauncherProfileWizard
LogPluginManager: Mounting plugin PluginBrowser
LogPluginManager: Mounting plugin SpeedTreeImporter
LogPluginManager: Mounting plugin AlembicImporter
LogPluginManager: Mounting plugin AutomationUtils
LogPluginManager: Mounting plugin BackChannel
LogPluginManager: Mounting plugin ChaosCloth
LogPluginManager: Mounting plugin ChaosClothEditor
LogPluginManager: Mounting plugin ChaosEditor
LogPluginManager: Mounting plugin ChaosNiagara
LogPluginManager: Mounting plugin ChaosSolverPlugin
LogPluginManager: Mounting plugin AndroidMedia
LogPluginManager: Mounting plugin AvfMedia
LogPluginManager: Mounting plugin ImgMedia
LogPluginManager: Mounting plugin MediaCompositing
LogPluginManager: Mounting plugin MediaPlayerEditor
LogPluginManager: Mounting plugin WebMMedia
LogPluginManager: Mounting plugin WmfMedia
LogPluginManager: Mounting plugin LuminPlatformFeatures
LogPluginManager: Mounting plugin MagicLeap
LogPluginManager: Mounting plugin MagicLeapLightEstimation
LogPluginManager: Mounting plugin MagicLeapMedia
LogPluginManager: Mounting plugin TcpMessaging
LogPluginManager: Mounting plugin UdpMessaging
LogPluginManager: Mounting plugin MagicLeapPassableWorld
LogPluginManager: Mounting plugin MLSDK
LogPluginManager: Mounting plugin ActorSequence
LogPluginManager: Mounting plugin LevelSequenceEditor
LogPluginManager: Mounting plugin MatineeToLevelSequence
LogPluginManager: Mounting plugin TemplateSequence
LogPluginManager: Mounting plugin OnlineSubsystem
LogPluginManager: Mounting plugin OnlineSubsystemNull
LogPluginManager: Mounting plugin OnlineSubsystemUtils
LogPluginManager: Mounting plugin LauncherChunkInstaller
LogPluginManager: Mounting plugin ActorLayerUtilities
LogPluginManager: Mounting plugin AndroidDeviceProfileSelector
LogPluginManager: Mounting plugin AndroidMoviePlayer
LogPluginManager: Mounting plugin AndroidPermission
LogPluginManager: Mounting plugin AppleImageUtils
LogPluginManager: Mounting plugin AppleMoviePlayer
LogPluginManager: Mounting plugin ArchVisCharacter
LogPluginManager: Mounting plugin AssetTags
LogPluginManager: Mounting plugin ScreenshotTools
LogPluginManager: Mounting plugin AudioCapture
LogPluginManager: Mounting plugin AudioSynesthesia
LogPluginManager: Mounting plugin CableComponent
LogPluginManager: Mounting plugin ChunkDownloader
LogPluginManager: Mounting plugin CustomMeshComponent
LogPluginManager: Mounting plugin EditableMesh
LogPluginManager: Mounting plugin ExampleDeviceProfileSelector
LogPluginManager: Mounting plugin GoogleCloudMessaging
LogPluginManager: Mounting plugin GooglePAD
LogPluginManager: Mounting plugin Takes
LogPluginManager: Mounting plugin CharacterAI
LogPluginManager: Mounting plugin IOSDeviceProfileSelector
LogPluginManager: Mounting plugin LinuxDeviceProfileSelector
LogPluginManager: Mounting plugin GeometryCache
LogPluginManager: Mounting plugin GeometryCollectionPlugin
LogPluginManager: Mounting plugin LocationServicesBPLibrary
LogPluginManager: Mounting plugin MobilePatchingUtils
LogPluginManager: Mounting plugin OpenXREyeTracker
LogPluginManager: Mounting plugin OpenXR
LogPluginManager: Mounting plugin OpenXRHandTracking
LogPluginManager: Mounting plugin PhysXVehicles
LogPluginManager: Mounting plugin GeometryProcessing
LogPluginManager: Mounting plugin OpenImageDenoise
LogPluginManager: Mounting plugin MotoSynth
LogPluginManager: Mounting plugin PlatformCrypto
LogPluginManager: Mounting plugin ProxyLODPlugin
LogPluginManager: Mounting plugin PlanarCut
LogPluginManager: Mounting plugin PostSplashScreen
LogPluginManager: Mounting plugin PythonScriptPlugin
LogPluginManager: Mounting plugin RawInput
LogPluginManager: Mounting plugin ProceduralMeshComponent
LogPluginManager: Mounting plugin PropertyAccessEditor
LogPluginManager: Mounting plugin RuntimePhysXCooking
LogPluginManager: Mounting plugin SkeletalReduction
LogPluginManager: Mounting plugin SignificanceManager
LogPluginManager: Mounting plugin SoundFields
LogPluginManager: Mounting plugin Synthesis
LogPluginManager: Mounting plugin WebMMoviePlayer
LogPluginManager: Mounting plugin WindowsMoviePlayer
LogPluginManager: Mounting plugin ContentBrowserAssetDataSource
LogPluginManager: Mounting plugin ContentBrowserClassDataSource
LogPluginManager: Mounting plugin ContentBrowserFileDataSource
LogPluginManager: Mounting plugin OnlineSubsystemGooglePlay
LogPluginManager: Mounting plugin OnlineSubsystemIOS
LogPluginManager: Mounting plugin OculusVR
LogPluginManager: Mounting plugin SteamVR
PixWinPlugin: PIX capture plugin failed to initialize! Check that the process is launched from PIX.
LogInit: Using libcurl 7.55.1-DEV
LogInit:  - built for x86_64-pc-win32
LogInit:  - supports SSL with OpenSSL/1.1.1
LogInit:  - supports HTTP deflate (compression) using libz 1.2.8
LogInit:  - other features:
LogInit:      CURL_VERSION_SSL
LogInit:      CURL_VERSION_LIBZ
LogInit:      CURL_VERSION_IPV6
LogInit:      CURL_VERSION_ASYNCHDNS
LogInit:      CURL_VERSION_LARGEFILE
LogInit:      CURL_VERSION_IDN
LogInit:  CurlRequestOptions (configurable via config and command line):
LogInit:  - bVerifyPeer = true  - Libcurl will verify peer certificate
LogInit:  - bUseHttpProxy = false  - Libcurl will NOT use HTTP proxy
LogInit:  - bDontReuseConnections = false  - Libcurl will reuse connections
LogInit:  - MaxHostConnections = 16  - Libcurl will limit the number of connections to a host
LogInit:  - LocalHostAddr = Default
LogInit:  - BufferSize = 65536
LogOnline: OSS: Creating online subsystem instance for: NULL
LogInit: WinSock: version 1.1 (2.2), MaxSocks=32767, MaxUdp=65467
LogOnline: OSS: TryLoadSubsystemAndSetDefault: Loaded subsystem for module [NULL]
LogOculusPluginWrapper: OculusPlugin initialized successfully
LogHMD: Failed initializing OVRPlugin 1.59.0
LogInit: Build: ++UE4+Release-4.27-CL-18319896
LogInit: Engine Version: 4.27.2-18319896+++UE4+Release-4.27
LogInit: Compatible Engine Version: 4.27.0-17155196+++UE4+Release-4.27
LogInit: Net CL: 17155196
LogInit: OS: Windows 10 (Release 2009) (), CPU: Intel(R) Core(TM) i5-8400 CPU @ 2.80GHz, GPU: NVIDIA GeForce GTX 1060 6GB
LogInit: Compiled (64-bit): Nov 30 2021 07:12:08
LogInit: Compiled with Visual C++: 19.24.28315.00
LogInit: Build Configuration: Development
LogInit: Branch Name: ++UE4+Release-4.27
LogInit: Command Line: 
LogInit: Base Directory: D:/unreal/UE_4.27/Engine/Binaries/Win64/
LogInit: Allocator: TBB
LogInit: Installed Engine Build: 1
LogDevObjectVersion: Number of dev versions registered: 29
LogDevObjectVersion:   Dev-Blueprints (B0D832E4-1F89-4F0D-ACCF-7EB736FD4AA2): 10
LogDevObjectVersion:   Dev-Build (E1C64328-A22C-4D53-A36C-8E866417BD8C): 0
LogDevObjectVersion:   Dev-Core (375EC13C-06E4-48FB-B500-84F0262A717E): 4
LogDevObjectVersion:   Dev-Editor (E4B068ED-F494-42E9-A231-DA0B2E46BB41): 40
LogDevObjectVersion:   Dev-Framework (CFFC743F-43B0-4480-9391-14DF171D2073): 37
LogDevObjectVersion:   Dev-Mobile (B02B49B5-BB20-44E9-A304-32B752E40360): 3
LogDevObjectVersion:   Dev-Networking (A4E4105C-59A1-49B5-A7C5-40C4547EDFEE): 0
LogDevObjectVersion:   Dev-Online (39C831C9-5AE6-47DC-9A44-9C173E1C8E7C): 0
LogDevObjectVersion:   Dev-Physics (78F01B33-EBEA-4F98-B9B4-84EACCB95AA2): 14
LogDevObjectVersion:   Dev-Platform (6631380F-2D4D-43E0-8009-CF276956A95A): 0
LogDevObjectVersion:   Dev-Rendering (12F88B9F-8875-4AFC-A67C-D90C383ABD29): 45
LogDevObjectVersion:   Dev-Sequencer (7B5AE74C-D270-4C10-A958-57980B212A5A): 13
LogDevObjectVersion:   Dev-VR (D7296918-1DD6-4BDD-9DE2-64A83CC13884): 3
LogDevObjectVersion:   Dev-LoadTimes (C2A15278-BFE7-4AFE-6C17-90FF531DF755): 1
LogDevObjectVersion:   Private-Geometry (6EACA3D4-40EC-4CC1-B786-8BED09428FC5): 3
LogDevObjectVersion:   Dev-AnimPhys (29E575DD-E0A3-4627-9D10-D276232CDCEA): 17
LogDevObjectVersion:   Dev-Anim (AF43A65D-7FD3-4947-9873-3E8ED9C1BB05): 15
LogDevObjectVersion:   Dev-ReflectionCapture (6B266CEC-1EC7-4B8F-A30B-E4D90942FC07): 1
LogDevObjectVersion:   Dev-Automation (0DF73D61-A23F-47EA-B727-89E90C41499A): 1
LogDevObjectVersion:   FortniteMain (601D1886-AC64-4F84-AA16-D3DE0DEAC7D6): 47
LogDevObjectVersion:   FortniteRelease (E7086368-6B23-4C58-8439-1B7016265E91): 1
LogDevObjectVersion:   Dev-Enterprise (9DFFBCD6-494F-0158-E221-12823C92A888): 10
LogDevObjectVersion:   Dev-Niagara (F2AED0AC-9AFE-416F-8664-AA7FFA26D6FC): 1
LogDevObjectVersion:   Dev-Destruction (174F1F0B-B4C6-45A5-B13F-2EE8D0FB917D): 10
LogDevObjectVersion:   Dev-Physics-Ext (35F94A83-E258-406C-A318-09F59610247C): 41
LogDevObjectVersion:   Dev-PhysicsMaterial-Chaos (B68FC16E-8B1B-42E2-B453-215C058844FE): 1
LogDevObjectVersion:   Dev-CineCamera (B2E18506-4273-CFC2-A54E-F4BB758BBA07): 1
LogDevObjectVersion:   Dev-VirtualProduction (64F58936-FD1B-42BA-BA96-7289D5D0FA4E): 1
LogDevObjectVersion:   Dev-MediaFramework (6F0ED827-A609-4895-9C91-998D90180EA4): 2
LogInit: Presizing for max 25165824 objects, including 0 objects not considered by GC, pre-allocating 0 bytes for permanent pool.
LogConfig: Applying CVar settings from Section [/Script/Engine.StreamingSettings] File [E:/Unreal Uni Project/cargametry32/VehicleGame/Saved/Config/Windows/Engine.ini]
LogConfig: Setting CVar [[s.MinBulkDataSizeForAsyncLoading:131072]]
LogConfig: Setting CVar [[s.AsyncLoadingThreadEnabled:0]]
LogConfig: Setting CVar [[s.EventDrivenLoaderEnabled:1]]
LogConfig: Setting CVar [[s.WarnIfTimeLimitExceeded:0]]
LogConfig: Setting CVar [[s.TimeLimitExceededMultiplier:1.5]]
LogConfig: Setting CVar [[s.TimeLimitExceededMinTime:0.005]]
LogConfig: Setting CVar [[s.UseBackgroundLevelStreaming:1]]
LogConfig: Setting CVar [[s.PriorityAsyncLoadingExtraTime:15.0]]
LogConfig: Setting CVar [[s.LevelStreamingActorsUpdateTimeLimit:5.0]]
LogConfig: Setting CVar [[s.PriorityLevelStreamingActorsUpdateExtraTime:5.0]]
LogConfig: Setting CVar [[s.LevelStreamingComponentsRegistrationGranularity:10]]
LogConfig: Setting CVar [[s.UnregisterComponentsTimeLimit:1.0]]
LogConfig: Setting CVar [[s.LevelStreamingComponentsUnregistrationGranularity:5]]
LogConfig: Setting CVar [[s.FlushStreamingOnExit:1]]
LogInit: Object subsystem initialized
LogConfig: Setting CVar [[con.DebugEarlyDefault:1]]
LogConfig: Setting CVar [[r.setres:1280x720]]
[2022.11.18-23.12.16:862][  0]LogConfig: Setting CVar [[r.VSync:0]]
[2022.11.18-23.12.16:862][  0]LogConfig: Setting CVar [[r.RHICmdBypass:0]]
[2022.11.18-23.12.16:862][  0]LogConfig: Setting CVar [[r.setres:1280x1024]]
[2022.11.18-23.12.16:862][  0]LogConfig: Applying CVar settings from Section [/Script/Engine.RendererSettings] File [E:/Unreal Uni Project/cargametry32/VehicleGame/Saved/Config/Windows/Engine.ini]
[2022.11.18-23.12.16:862][  0]LogConfig: Setting CVar [[r.GPUCrashDebugging:0]]
[2022.11.18-23.12.16:862][  0]LogConfig: Setting CVar [[r.TonemapperFilm:0]]
[2022.11.18-23.12.16:862][  0]LogConfig: Applying CVar settings from Section [/Script/Engine.RendererOverrideSettings] File [E:/Unreal Uni Project/cargametry32/VehicleGame/Saved/Config/Windows/Engine.ini]
[2022.11.18-23.12.16:862][  0]LogConfig: Applying CVar settings from Section [/Script/Engine.StreamingSettings] File [E:/Unreal Uni Project/cargametry32/VehicleGame/Saved/Config/Windows/Engine.ini]
[2022.11.18-23.12.16:862][  0]LogConfig: Setting CVar [[s.MinBulkDataSizeForAsyncLoading:131072]]
[2022.11.18-23.12.16:862][  0]LogConfig: Setting CVar [[s.AsyncLoadingThreadEnabled:0]]
[2022.11.18-23.12.16:862][  0]LogConfig: Setting CVar [[s.EventDrivenLoaderEnabled:1]]
[2022.11.18-23.12.16:862][  0]LogConfig: Setting CVar [[s.WarnIfTimeLimitExceeded:0]]
[2022.11.18-23.12.16:862][  0]LogConfig: Setting CVar [[s.TimeLimitExceededMultiplier:1.5]]
[2022.11.18-23.12.16:862][  0]LogConfig: Setting CVar [[s.TimeLimitExceededMinTime:0.005]]
[2022.11.18-23.12.16:862][  0]LogConfig: Setting CVar [[s.UseBackgroundLevelStreaming:1]]
[2022.11.18-23.12.16:862][  0]LogConfig: Setting CVar [[s.PriorityAsyncLoadingExtraTime:15.0]]
[2022.11.18-23.12.16:862][  0]LogConfig: Setting CVar [[s.LevelStreamingActorsUpdateTimeLimit:5.0]]
[2022.11.18-23.12.16:862][  0]LogConfig: Setting CVar [[s.PriorityLevelStreamingActorsUpdateExtraTime:5.0]]
[2022.11.18-23.12.16:862][  0]LogConfig: Setting CVar [[s.LevelStreamingComponentsRegistrationGranularity:10]]
[2022.11.18-23.12.16:862][  0]LogConfig: Setting CVar [[s.UnregisterComponentsTimeLimit:1.0]]
[2022.11.18-23.12.16:862][  0]LogConfig: Setting CVar [[s.LevelStreamingComponentsUnregistrationGranularity:5]]
[2022.11.18-23.12.16:862][  0]LogConfig: Setting CVar [[s.FlushStreamingOnExit:1]]
[2022.11.18-23.12.16:862][  0]LogConfig: Applying CVar settings from Section [/Script/Engine.GarbageCollectionSettings] File [E:/Unreal Uni Project/cargametry32/VehicleGame/Saved/Config/Windows/Engine.ini]
[2022.11.18-23.12.16:862][  0]LogConfig: Setting CVar [[gc.MaxObjectsNotConsideredByGC:1]]
[2022.11.18-23.12.16:862][  0]LogConfig: Setting CVar [[gc.SizeOfPermanentObjectPool:0]]
[2022.11.18-23.12.16:862][  0]LogConfig: Setting CVar [[gc.FlushStreamingOnGC:0]]
[2022.11.18-23.12.16:862][  0]LogConfig: Setting CVar [[gc.NumRetriesBeforeForcingGC:10]]
[2022.11.18-23.12.16:862][  0]LogConfig: Setting CVar [[gc.AllowParallelGC:1]]
[2022.11.18-23.12.16:862][  0]LogConfig: Setting CVar [[gc.TimeBetweenPurgingPendingKillObjects:61.1]]
[2022.11.18-23.12.16:862][  0]LogConfig: Setting CVar [[gc.MaxObjectsInEditor:25165824]]
[2022.11.18-23.12.16:862][  0]LogConfig: Setting CVar [[gc.IncrementalBeginDestroyEnabled:1]]
[2022.11.18-23.12.16:862][  0]LogConfig: Setting CVar [[gc.CreateGCClusters:1]]
[2022.11.18-23.12.16:862][  0]LogConfig: Setting CVar [[gc.MinGCClusterSize:5]]
[2022.11.18-23.12.16:862][  0]LogConfig: Setting CVar [[gc.ActorClusteringEnabled:0]]
[2022.11.18-23.12.16:862][  0]LogConfig: Setting CVar [[gc.BlueprintClusteringEnabled:0]]
[2022.11.18-23.12.16:862][  0]LogConfig: Setting CVar [[gc.UseDisregardForGCOnDedicatedServers:0]]
[2022.11.18-23.12.16:862][  0]LogConfig: Setting CVar [[gc.MultithreadedDestructionEnabled:1]]
[2022.11.18-23.12.16:862][  0]LogConfig: Applying CVar settings from Section [/Script/Engine.NetworkSettings] File [E:/Unreal Uni Project/cargametry32/VehicleGame/Saved/Config/Windows/Engine.ini]
[2022.11.18-23.12.16:862][  0]LogConfig: Applying CVar settings from Section [/Script/UnrealEd.CookerSettings] File [E:/Unreal Uni Project/cargametry32/VehicleGame/Saved/Config/Windows/Engine.ini]
[2022.11.18-23.12.16:885][  0]LogConfig: Applying CVar settings from Section [ViewDistanceQuality@3] File [E:/Unreal Uni Project/cargametry32/VehicleGame/Saved/Config/Windows/Scalability.ini]
[2022.11.18-23.12.16:885][  0]LogConfig: Setting CVar [[r.SkeletalMeshLODBias:0]]
[2022.11.18-23.12.16:885][  0]LogConfig: Setting CVar [[r.ViewDistanceScale:1.0]]
[2022.11.18-23.12.16:885][  0]LogConfig: Applying CVar settings from Section [AntiAliasingQuality@3] File [E:/Unreal Uni Project/cargametry32/VehicleGame/Saved/Config/Windows/Scalability.ini]
[2022.11.18-23.12.16:885][  0]LogConfig: Setting CVar [[r.PostProcessAAQuality:4]]
[2022.11.18-23.12.16:885][  0]LogConfig: Applying CVar settings from Section [ShadowQuality@3] File [E:/Unreal Uni Project/cargametry32/VehicleGame/Saved/Config/Windows/Scalability.ini]
[2022.11.18-23.12.16:885][  0]LogConfig: Setting CVar [[r.LightFunctionQuality:1]]
[2022.11.18-23.12.16:885][  0]LogConfig: Setting CVar [[r.ShadowQuality:5]]
[2022.11.18-23.12.16:885][  0]LogConfig: Setting CVar [[r.Shadow.CSM.MaxCascades:10]]
[2022.11.18-23.12.16:885][  0]LogConfig: Setting CVar [[r.Shadow.MaxResolution:2048]]
[2022.11.18-23.12.16:885][  0]LogConfig: Setting CVar [[r.Shadow.MaxCSMResolution:2048]]
[2022.11.18-23.12.16:885][  0]LogConfig: Setting CVar [[r.Shadow.RadiusThreshold:0.01]]
[2022.11.18-23.12.16:885][  0]LogConfig: Setting CVar [[r.Shadow.DistanceScale:1.0]]
[2022.11.18-23.12.16:885][  0]LogConfig: Setting CVar [[r.Shadow.CSM.TransitionScale:1.0]]
[2022.11.18-23.12.16:885][  0]LogConfig: Setting CVar [[r.Shadow.PreShadowResolutionFactor:1.0]]
[2022.11.18-23.12.16:885][  0]LogConfig: Setting CVar [[r.DistanceFieldShadowing:1]]
[2022.11.18-23.12.16:885][  0]LogConfig: Setting CVar [[r.DistanceFieldAO:1]]
[2022.11.18-23.12.16:885][  0]LogConfig: Setting CVar [[r.AOQuality:2]]
[2022.11.18-23.12.16:885][  0]LogConfig: Setting CVar [[r.VolumetricFog:1]]
[2022.11.18-23.12.16:885][  0]LogConfig: Setting CVar [[r.VolumetricFog.GridPixelSize:8]]
[2022.11.18-23.12.16:885][  0]LogConfig: Setting CVar [[r.VolumetricFog.GridSizeZ:128]]
[2022.11.18-23.12.16:885][  0]LogConfig: Setting CVar [[r.VolumetricFog.HistoryMissSupersampleCount:4]]
[2022.11.18-23.12.16:885][  0]LogConfig: Setting CVar [[r.LightMaxDrawDistanceScale:1]]
[2022.11.18-23.12.16:885][  0]LogConfig: Setting CVar [[r.CapsuleShadows:1]]
[2022.11.18-23.12.16:885][  0]LogConfig: Applying CVar settings from Section [PostProcessQuality@3] File [E:/Unreal Uni Project/cargametry32/VehicleGame/Saved/Config/Windows/Scalability.ini]
[2022.11.18-23.12.16:885][  0]LogConfig: Setting CVar [[r.MotionBlurQuality:4]]
[2022.11.18-23.12.16:885][  0]LogConfig: Setting CVar [[r.AmbientOcclusionMipLevelFactor:0.4]]
[2022.11.18-23.12.16:885][  0]LogConfig: Setting CVar [[r.AmbientOcclusionMaxQuality:100]]
[2022.11.18-23.12.16:885][  0]LogConfig: Setting CVar [[r.AmbientOcclusionLevels:-1]]
[2022.11.18-23.12.16:885][  0]LogConfig: Setting CVar [[r.AmbientOcclusionRadiusScale:1.0]]
[2022.11.18-23.12.16:885][  0]LogConfig: Setting CVar [[r.DepthOfFieldQuality:2]]
[2022.11.18-23.12.16:885][  0]LogConfig: Setting CVar [[r.RenderTargetPoolMin:400]]
[2022.11.18-23.12.16:885][  0]LogConfig: Setting CVar [[r.LensFlareQuality:2]]
[2022.11.18-23.12.16:885][  0]LogConfig: Setting CVar [[r.SceneColorFringeQuality:1]]
[2022.11.18-23.12.16:885][  0]LogConfig: Setting CVar [[r.EyeAdaptationQuality:2]]
[2022.11.18-23.12.16:885][  0]LogConfig: Setting CVar [[r.BloomQuality:5]]
[2022.11.18-23.12.16:885][  0]LogConfig: Setting CVar [[r.FastBlurThreshold:100]]
[2022.11.18-23.12.16:885][  0]LogConfig: Setting CVar [[r.Upscale.Quality:3]]
[2022.11.18-23.12.16:886][  0]LogConfig: Setting CVar [[r.Tonemapper.GrainQuantization:1]]
[2022.11.18-23.12.16:886][  0]LogConfig: Setting CVar [[r.LightShaftQuality:1]]
[2022.11.18-23.12.16:886][  0]LogConfig: Setting CVar [[r.Filter.SizeScale:1]]
[2022.11.18-23.12.16:886][  0]LogConfig: Setting CVar [[r.Tonemapper.Quality:5]]
[2022.11.18-23.12.16:886][  0]LogConfig: Setting CVar [[r.DOF.Gather.AccumulatorQuality:1        ; higher gathering accumulator quality]]
[2022.11.18-23.12.16:886][  0]LogConfig: Setting CVar [[r.DOF.Gather.PostfilterMethod:1          ; Median3x3 postfilering method]]
[2022.11.18-23.12.16:886][  0]LogConfig: Setting CVar [[r.DOF.Gather.EnableBokehSettings:0       ; no bokeh simulation when gathering]]
[2022.11.18-23.12.16:886][  0]LogConfig: Setting CVar [[r.DOF.Gather.RingCount:4                 ; medium number of samples when gathering]]
[2022.11.18-23.12.16:886][  0]LogConfig: Setting CVar [[r.DOF.Scatter.ForegroundCompositing:1    ; additive foreground scattering]]
[2022.11.18-23.12.16:886][  0]LogConfig: Setting CVar [[r.DOF.Scatter.BackgroundCompositing:2    ; additive background scattering]]
[2022.11.18-23.12.16:886][  0]LogConfig: Setting CVar [[r.DOF.Scatter.EnableBokehSettings:1      ; bokeh simulation when scattering]]
[2022.11.18-23.12.16:886][  0]LogConfig: Setting CVar [[r.DOF.Scatter.MaxSpriteRatio:0.1         ; only a maximum of 10% of scattered bokeh]]
[2022.11.18-23.12.16:886][  0]LogConfig: Setting CVar [[r.DOF.Recombine.Quality:1                ; cheap slight out of focus]]
[2022.11.18-23.12.16:886][  0]LogConfig: Setting CVar [[r.DOF.Recombine.EnableBokehSettings:0    ; no bokeh simulation on slight out of focus]]
[2022.11.18-23.12.16:886][  0]LogConfig: Setting CVar [[r.DOF.TemporalAAQuality:1                ; more stable temporal accumulation]]
[2022.11.18-23.12.16:886][  0]LogConfig: Setting CVar [[r.DOF.Kernel.MaxForegroundRadius:0.025]]
[2022.11.18-23.12.16:886][  0]LogConfig: Setting CVar [[r.DOF.Kernel.MaxBackgroundRadius:0.025]]
[2022.11.18-23.12.16:886][  0]LogConfig: Applying CVar settings from Section [TextureQuality@3] File [E:/Unreal Uni Project/cargametry32/VehicleGame/Saved/Config/Windows/Scalability.ini]
[2022.11.18-23.12.16:886][  0]LogConfig: Setting CVar [[r.Streaming.MipBias:0]]
[2022.11.18-23.12.16:886][  0]LogConfig: Setting CVar [[r.Streaming.AmortizeCPUToGPUCopy:0]]
[2022.11.18-23.12.16:886][  0]LogConfig: Setting CVar [[r.Streaming.MaxNumTexturesToStreamPerFrame:0]]
[2022.11.18-23.12.16:886][  0]LogConfig: Setting CVar [[r.Streaming.Boost:1]]
[2022.11.18-23.12.16:886][  0]LogConfig: Setting CVar [[r.MaxAnisotropy:8]]
[2022.11.18-23.12.16:886][  0]LogConfig: Setting CVar [[r.VT.MaxAnisotropy:8]]
[2022.11.18-23.12.16:886][  0]LogConfig: Setting CVar [[r.Streaming.LimitPoolSizeToVRAM:0]]
[2022.11.18-23.12.16:886][  0]LogConfig: Setting CVar [[r.Streaming.PoolSize:1000]]
[2022.11.18-23.12.16:886][  0]LogConfig: Setting CVar [[r.Streaming.MaxEffectiveScreenSize:0]]
[2022.11.18-23.12.16:886][  0]LogConfig: Applying CVar settings from Section [EffectsQuality@3] File [E:/Unreal Uni Project/cargametry32/VehicleGame/Saved/Config/Windows/Scalability.ini]
[2022.11.18-23.12.16:886][  0]LogConfig: Setting CVar [[r.TranslucencyLightingVolumeDim:64]]
[2022.11.18-23.12.16:886][  0]LogConfig: Setting CVar [[r.RefractionQuality:2]]
[2022.11.18-23.12.16:886][  0]LogConfig: Setting CVar [[r.SSR.Quality:3]]
[2022.11.18-23.12.16:886][  0]LogConfig: Setting CVar [[r.SSR.HalfResSceneColor:0]]
[2022.11.18-23.12.16:886][  0]LogConfig: Setting CVar [[r.SceneColorFormat:4]]
[2022.11.18-23.12.16:886][  0]LogConfig: Setting CVar [[r.DetailMode:2]]
[2022.11.18-23.12.16:886][  0]LogConfig: Setting CVar [[r.TranslucencyVolumeBlur:1]]
[2022.11.18-23.12.16:886][  0]LogConfig: Setting CVar [[r.MaterialQualityLevel:1 ; High quality]]
[2022.11.18-23.12.16:886][  0]LogConfig: Setting CVar [[r.AnisotropicMaterials:1]]
[2022.11.18-23.12.16:886][  0]LogConfig: Setting CVar [[r.SSS.Scale:1]]
[2022.11.18-23.12.16:886][  0]LogConfig: Setting CVar [[r.SSS.SampleSet:2]]
[2022.11.18-23.12.16:886][  0]LogConfig: Setting CVar [[r.SSS.Quality:1]]
[2022.11.18-23.12.16:886][  0]LogConfig: Setting CVar [[r.SSS.HalfRes:0]]
[2022.11.18-23.12.16:886][  0]LogConfig: Setting CVar [[r.SSGI.Quality:3]]
[2022.11.18-23.12.16:886][  0]LogConfig: Setting CVar [[r.EmitterSpawnRateScale:1.0]]
[2022.11.18-23.12.16:886][  0]LogConfig: Setting CVar [[r.ParticleLightQuality:2]]
[2022.11.18-23.12.16:886][  0]LogConfig: Setting CVar [[r.SkyAtmosphere.AerialPerspectiveLUT.FastApplyOnOpaque:1 ; Always have FastSkyLUT 1 in this case to avoid wrong sky]]
[2022.11.18-23.12.16:886][  0]LogConfig: Setting CVar [[r.SkyAtmosphere.AerialPerspectiveLUT.SampleCountMaxPerSlice:4]]
[2022.11.18-23.12.16:886][  0]LogConfig: Setting CVar [[r.SkyAtmosphere.AerialPerspectiveLUT.DepthResolution:16.0]]
[2022.11.18-23.12.16:886][  0]LogConfig: Setting CVar [[r.SkyAtmosphere.FastSkyLUT:1]]
[2022.11.18-23.12.16:886][  0]LogConfig: Setting CVar [[r.SkyAtmosphere.FastSkyLUT.SampleCountMin:4.0]]
[2022.11.18-23.12.16:886][  0]LogConfig: Setting CVar [[r.SkyAtmosphere.FastSkyLUT.SampleCountMax:128.0]]
[2022.11.18-23.12.16:886][  0]LogConfig: Setting CVar [[r.SkyAtmosphere.SampleCountMin:4.0]]
[2022.11.18-23.12.16:886][  0]LogConfig: Setting CVar [[r.SkyAtmosphere.SampleCountMax:128.0]]
[2022.11.18-23.12.16:886][  0]LogConfig: Setting CVar [[r.SkyAtmosphere.TransmittanceLUT.UseSmallFormat:0]]
[2022.11.18-23.12.16:886][  0]LogConfig: Setting CVar [[r.SkyAtmosphere.TransmittanceLUT.SampleCount:10.0]]
[2022.11.18-23.12.16:886][  0]LogConfig: Setting CVar [[r.SkyAtmosphere.MultiScatteringLUT.SampleCount:15.0]]
[2022.11.18-23.12.16:886][  0]LogConfig: Setting CVar [[r.SkyLight.RealTimeReflectionCapture:1]]
[2022.11.18-23.12.16:886][  0]LogConfig: Applying CVar settings from Section [FoliageQuality@3] File [E:/Unreal Uni Project/cargametry32/VehicleGame/Saved/Config/Windows/Scalability.ini]
[2022.11.18-23.12.16:886][  0]LogConfig: Setting CVar [[foliage.DensityScale:1.0]]
[2022.11.18-23.12.16:886][  0]LogConfig: Setting CVar [[grass.DensityScale:1.0]]
[2022.11.18-23.12.16:886][  0]LogConfig: Applying CVar settings from Section [ShadingQuality@3] File [E:/Unreal Uni Project/cargametry32/VehicleGame/Saved/Config/Windows/Scalability.ini]
[2022.11.18-23.12.16:886][  0]LogConfig: Setting CVar [[r.HairStrands.SkyLighting.IntegrationType:2]]
[2022.11.18-23.12.16:886][  0]LogConfig: Setting CVar [[r.HairStrands.SkyAO.SampleCount:4]]
[2022.11.18-23.12.16:886][  0]LogConfig: Setting CVar [[r.HairStrands.Visibility.MSAA.SamplePerPixel:4]]
[2022.11.18-23.12.16:886][  0]LogInit: Selected Device Profile: [Windows]
[2022.11.18-23.12.16:886][  0]LogInit: Applying CVar settings loaded from the selected device profile: [Windows]
[2022.11.18-23.12.16:886][  0]LogHAL: Display: Platform has ~ 16 GB [17048150016 / 17179869184 / 16], which maps to Larger [LargestMinGB=32, LargerMinGB=12, DefaultMinGB=8, SmallerMinGB=6, SmallestMinGB=0)
[2022.11.18-23.12.16:886][  0]LogInit: Going up to parent DeviceProfile []
[2022.11.18-23.12.16:886][  0]LogConfig: Applying CVar settings from Section [ViewDistanceQuality@3] File [E:/Unreal Uni Project/cargametry32/VehicleGame/Saved/Config/Windows/Scalability.ini]
[2022.11.18-23.12.16:887][  0]LogConfig: Setting CVar [[r.SkeletalMeshLODBias:0]]
[2022.11.18-23.12.16:887][  0]LogConfig: Setting CVar [[r.ViewDistanceScale:1.0]]
[2022.11.18-23.12.16:887][  0]LogConfig: Applying CVar settings from Section [AntiAliasingQuality@3] File [E:/Unreal Uni Project/cargametry32/VehicleGame/Saved/Config/Windows/Scalability.ini]
[2022.11.18-23.12.16:887][  0]LogConfig: Setting CVar [[r.PostProcessAAQuality:4]]
[2022.11.18-23.12.16:887][  0]LogConfig: Applying CVar settings from Section [ShadowQuality@3] File [E:/Unreal Uni Project/cargametry32/VehicleGame/Saved/Config/Windows/Scalability.ini]
[2022.11.18-23.12.16:887][  0]LogConfig: Setting CVar [[r.LightFunctionQuality:1]]
[2022.11.18-23.12.16:887][  0]LogConfig: Setting CVar [[r.ShadowQuality:5]]
[2022.11.18-23.12.16:887][  0]LogConfig: Setting CVar [[r.Shadow.CSM.MaxCascades:10]]
[2022.11.18-23.12.16:887][  0]LogConfig: Setting CVar [[r.Shadow.MaxResolution:2048]]
[2022.11.18-23.12.16:887][  0]LogConfig: Setting CVar [[r.Shadow.MaxCSMResolution:2048]]
[2022.11.18-23.12.16:887][  0]LogConfig: Setting CVar [[r.Shadow.RadiusThreshold:0.01]]
[2022.11.18-23.12.16:887][  0]LogConfig: Setting CVar [[r.Shadow.DistanceScale:1.0]]
[2022.11.18-23.12.16:887][  0]LogConfig: Setting CVar [[r.Shadow.CSM.TransitionScale:1.0]]
[2022.11.18-23.12.16:887][  0]LogConfig: Setting CVar [[r.Shadow.PreShadowResolutionFactor:1.0]]
[2022.11.18-23.12.16:887][  0]LogConfig: Setting CVar [[r.DistanceFieldShadowing:1]]
[2022.11.18-23.12.16:887][  0]LogConfig: Setting CVar [[r.DistanceFieldAO:1]]
[2022.11.18-23.12.16:887][  0]LogConfig: Setting CVar [[r.AOQuality:2]]
[2022.11.18-23.12.16:887][  0]LogConfig: Setting CVar [[r.VolumetricFog:1]]
[2022.11.18-23.12.16:887][  0]LogConfig: Setting CVar [[r.VolumetricFog.GridPixelSize:8]]
[2022.11.18-23.12.16:887][  0]LogConfig: Setting CVar [[r.VolumetricFog.GridSizeZ:128]]
[2022.11.18-23.12.16:887][  0]LogConfig: Setting CVar [[r.VolumetricFog.HistoryMissSupersampleCount:4]]
[2022.11.18-23.12.16:887][  0]LogConfig: Setting CVar [[r.LightMaxDrawDistanceScale:1]]
[2022.11.18-23.12.16:887][  0]LogConfig: Setting CVar [[r.CapsuleShadows:1]]
[2022.11.18-23.12.16:887][  0]LogConfig: Applying CVar settings from Section [PostProcessQuality@3] File [E:/Unreal Uni Project/cargametry32/VehicleGame/Saved/Config/Windows/Scalability.ini]
[2022.11.18-23.12.16:887][  0]LogConfig: Setting CVar [[r.MotionBlurQuality:4]]
[2022.11.18-23.12.16:887][  0]LogConfig: Setting CVar [[r.AmbientOcclusionMipLevelFactor:0.4]]
[2022.11.18-23.12.16:887][  0]LogConfig: Setting CVar [[r.AmbientOcclusionMaxQuality:100]]
[2022.11.18-23.12.16:887][  0]LogConfig: Setting CVar [[r.AmbientOcclusionLevels:-1]]
[2022.11.18-23.12.16:887][  0]LogConfig: Setting CVar [[r.AmbientOcclusionRadiusScale:1.0]]
[2022.11.18-23.12.16:887][  0]LogConfig: Setting CVar [[r.DepthOfFieldQuality:2]]
[2022.11.18-23.12.16:887][  0]LogConfig: Setting CVar [[r.RenderTargetPoolMin:400]]
[2022.11.18-23.12.16:887][  0]LogConfig: Setting CVar [[r.LensFlareQuality:2]]
[2022.11.18-23.12.16:887][  0]LogConfig: Setting CVar [[r.SceneColorFringeQuality:1]]
[2022.11.18-23.12.16:887][  0]LogConfig: Setting CVar [[r.EyeAdaptationQuality:2]]
[2022.11.18-23.12.16:887][  0]LogConfig: Setting CVar [[r.BloomQuality:5]]
[2022.11.18-23.12.16:887][  0]LogConfig: Setting CVar [[r.FastBlurThreshold:100]]
[2022.11.18-23.12.16:887][  0]LogConfig: Setting CVar [[r.Upscale.Quality:3]]
[2022.11.18-23.12.16:887][  0]LogConfig: Setting CVar [[r.Tonemapper.GrainQuantization:1]]
[2022.11.18-23.12.16:887][  0]LogConfig: Setting CVar [[r.LightShaftQuality:1]]
[2022.11.18-23.12.16:887][  0]LogConfig: Setting CVar [[r.Filter.SizeScale:1]]
[2022.11.18-23.12.16:887][  0]LogConfig: Setting CVar [[r.Tonemapper.Quality:5]]
[2022.11.18-23.12.16:887][  0]LogConfig: Setting CVar [[r.DOF.Gather.AccumulatorQuality:1        ; higher gathering accumulator quality]]
[2022.11.18-23.12.16:887][  0]LogConfig: Setting CVar [[r.DOF.Gather.PostfilterMethod:1          ; Median3x3 postfilering method]]
[2022.11.18-23.12.16:887][  0]LogConfig: Setting CVar [[r.DOF.Gather.EnableBokehSettings:0       ; no bokeh simulation when gathering]]
[2022.11.18-23.12.16:887][  0]LogConfig: Setting CVar [[r.DOF.Gather.RingCount:4                 ; medium number of samples when gathering]]
[2022.11.18-23.12.16:887][  0]LogConfig: Setting CVar [[r.DOF.Scatter.ForegroundCompositing:1    ; additive foreground scattering]]
[2022.11.18-23.12.16:887][  0]LogConfig: Setting CVar [[r.DOF.Scatter.BackgroundCompositing:2    ; additive background scattering]]
[2022.11.18-23.12.16:887][  0]LogConfig: Setting CVar [[r.DOF.Scatter.EnableBokehSettings:1      ; bokeh simulation when scattering]]
[2022.11.18-23.12.16:887][  0]LogConfig: Setting CVar [[r.DOF.Scatter.MaxSpriteRatio:0.1         ; only a maximum of 10% of scattered bokeh]]
[2022.11.18-23.12.16:887][  0]LogConfig: Setting CVar [[r.DOF.Recombine.Quality:1                ; cheap slight out of focus]]
[2022.11.18-23.12.16:887][  0]LogConfig: Setting CVar [[r.DOF.Recombine.EnableBokehSettings:0    ; no bokeh simulation on slight out of focus]]
[2022.11.18-23.12.16:887][  0]LogConfig: Setting CVar [[r.DOF.TemporalAAQuality:1                ; more stable temporal accumulation]]
[2022.11.18-23.12.16:887][  0]LogConfig: Setting CVar [[r.DOF.Kernel.MaxForegroundRadius:0.025]]
[2022.11.18-23.12.16:887][  0]LogConfig: Setting CVar [[r.DOF.Kernel.MaxBackgroundRadius:0.025]]
[2022.11.18-23.12.16:887][  0]LogConfig: Applying CVar settings from Section [TextureQuality@3] File [E:/Unreal Uni Project/cargametry32/VehicleGame/Saved/Config/Windows/Scalability.ini]
[2022.11.18-23.12.16:887][  0]LogConfig: Setting CVar [[r.Streaming.MipBias:0]]
[2022.11.18-23.12.16:887][  0]LogConfig: Setting CVar [[r.Streaming.AmortizeCPUToGPUCopy:0]]
[2022.11.18-23.12.16:887][  0]LogConfig: Setting CVar [[r.Streaming.MaxNumTexturesToStreamPerFrame:0]]
[2022.11.18-23.12.16:887][  0]LogConfig: Setting CVar [[r.Streaming.Boost:1]]
[2022.11.18-23.12.16:887][  0]LogConfig: Setting CVar [[r.MaxAnisotropy:8]]
[2022.11.18-23.12.16:887][  0]LogConfig: Setting CVar [[r.VT.MaxAnisotropy:8]]
[2022.11.18-23.12.16:887][  0]LogConfig: Setting CVar [[r.Streaming.LimitPoolSizeToVRAM:0]]
[2022.11.18-23.12.16:887][  0]LogConfig: Setting CVar [[r.Streaming.PoolSize:1000]]
[2022.11.18-23.12.16:887][  0]LogConfig: Setting CVar [[r.Streaming.MaxEffectiveScreenSize:0]]
[2022.11.18-23.12.16:887][  0]LogConfig: Applying CVar settings from Section [EffectsQuality@3] File [E:/Unreal Uni Project/cargametry32/VehicleGame/Saved/Config/Windows/Scalability.ini]
[2022.11.18-23.12.16:887][  0]LogConfig: Setting CVar [[r.TranslucencyLightingVolumeDim:64]]
[2022.11.18-23.12.16:887][  0]LogConfig: Setting CVar [[r.RefractionQuality:2]]
[2022.11.18-23.12.16:887][  0]LogConfig: Setting CVar [[r.SSR.Quality:3]]
[2022.11.18-23.12.16:887][  0]LogConfig: Setting CVar [[r.SSR.HalfResSceneColor:0]]
[2022.11.18-23.12.16:887][  0]LogConfig: Setting CVar [[r.SceneColorFormat:4]]
[2022.11.18-23.12.16:887][  0]LogConfig: Setting CVar [[r.DetailMode:2]]
[2022.11.18-23.12.16:887][  0]LogConfig: Setting CVar [[r.TranslucencyVolumeBlur:1]]
[2022.11.18-23.12.16:887][  0]LogConfig: Setting CVar [[r.MaterialQualityLevel:1 ; High quality]]
[2022.11.18-23.12.16:887][  0]LogConfig: Setting CVar [[r.AnisotropicMaterials:1]]
[2022.11.18-23.12.16:887][  0]LogConfig: Setting CVar [[r.SSS.Scale:1]]
[2022.11.18-23.12.16:887][  0]LogConfig: Setting CVar [[r.SSS.SampleSet:2]]
[2022.11.18-23.12.16:887][  0]LogConfig: Setting CVar [[r.SSS.Quality:1]]
[2022.11.18-23.12.16:888][  0]LogConfig: Setting CVar [[r.SSS.HalfRes:0]]
[2022.11.18-23.12.16:888][  0]LogConfig: Setting CVar [[r.SSGI.Quality:3]]
[2022.11.18-23.12.16:888][  0]LogConfig: Setting CVar [[r.EmitterSpawnRateScale:1.0]]
[2022.11.18-23.12.16:888][  0]LogConfig: Setting CVar [[r.ParticleLightQuality:2]]
[2022.11.18-23.12.16:888][  0]LogConfig: Setting CVar [[r.SkyAtmosphere.AerialPerspectiveLUT.FastApplyOnOpaque:1 ; Always have FastSkyLUT 1 in this case to avoid wrong sky]]
[2022.11.18-23.12.16:888][  0]LogConfig: Setting CVar [[r.SkyAtmosphere.AerialPerspectiveLUT.SampleCountMaxPerSlice:4]]
[2022.11.18-23.12.16:888][  0]LogConfig: Setting CVar [[r.SkyAtmosphere.AerialPerspectiveLUT.DepthResolution:16.0]]
[2022.11.18-23.12.16:888][  0]LogConfig: Setting CVar [[r.SkyAtmosphere.FastSkyLUT:1]]
[2022.11.18-23.12.16:888][  0]LogConfig: Setting CVar [[r.SkyAtmosphere.FastSkyLUT.SampleCountMin:4.0]]
[2022.11.18-23.12.16:888][  0]LogConfig: Setting CVar [[r.SkyAtmosphere.FastSkyLUT.SampleCountMax:128.0]]
[2022.11.18-23.12.16:888][  0]LogConfig: Setting CVar [[r.SkyAtmosphere.SampleCountMin:4.0]]
[2022.11.18-23.12.16:888][  0]LogConfig: Setting CVar [[r.SkyAtmosphere.SampleCountMax:128.0]]
[2022.11.18-23.12.16:888][  0]LogConfig: Setting CVar [[r.SkyAtmosphere.TransmittanceLUT.UseSmallFormat:0]]
[2022.11.18-23.12.16:888][  0]LogConfig: Setting CVar [[r.SkyAtmosphere.TransmittanceLUT.SampleCount:10.0]]
[2022.11.18-23.12.16:888][  0]LogConfig: Setting CVar [[r.SkyAtmosphere.MultiScatteringLUT.SampleCount:15.0]]
[2022.11.18-23.12.16:888][  0]LogConfig: Setting CVar [[r.SkyLight.RealTimeReflectionCapture:1]]
[2022.11.18-23.12.16:888][  0]LogConfig: Applying CVar settings from Section [FoliageQuality@3] File [E:/Unreal Uni Project/cargametry32/VehicleGame/Saved/Config/Windows/Scalability.ini]
[2022.11.18-23.12.16:888][  0]LogConfig: Setting CVar [[foliage.DensityScale:1.0]]
[2022.11.18-23.12.16:888][  0]LogConfig: Setting CVar [[grass.DensityScale:1.0]]
[2022.11.18-23.12.16:888][  0]LogConfig: Applying CVar settings from Section [ShadingQuality@3] File [E:/Unreal Uni Project/cargametry32/VehicleGame/Saved/Config/Windows/Scalability.ini]
[2022.11.18-23.12.16:888][  0]LogConfig: Setting CVar [[r.HairStrands.SkyLighting.IntegrationType:2]]
[2022.11.18-23.12.16:888][  0]LogConfig: Setting CVar [[r.HairStrands.SkyAO.SampleCount:4]]
[2022.11.18-23.12.16:888][  0]LogConfig: Setting CVar [[r.HairStrands.Visibility.MSAA.SamplePerPixel:4]]
[2022.11.18-23.12.16:888][  0]LogConfig: Applying CVar settings from Section [Startup] File [../../../Engine/Config/ConsoleVariables.ini]
[2022.11.18-23.12.16:888][  0]LogConfig: Setting CVar [[net.UseAdaptiveNetUpdateFrequency:0]]
[2022.11.18-23.12.16:888][  0]LogConfig: Setting CVar [[p.chaos.AllowCreatePhysxBodies:1]]
[2022.11.18-23.12.16:888][  0]LogConfig: Setting CVar [[fx.SkipVectorVMBackendOptimizations:1]]
[2022.11.18-23.12.16:888][  0]LogConfig: Applying CVar settings from Section [ConsoleVariables] File [E:/Unreal Uni Project/cargametry32/VehicleGame/Saved/Config/Windows/Engine.ini]
[2022.11.18-23.12.16:888][  0]LogConfig: Applying CVar settings from Section [ConsoleVariables] File [E:/Unreal Uni Project/cargametry32/VehicleGame/Saved/Config/Windows/Editor.ini]
[2022.11.18-23.12.16:888][  0]LogInit: Computer: DESKTOP-7IBF784
[2022.11.18-23.12.16:888][  0]LogInit: User: GustavSchrøder
[2022.11.18-23.12.16:888][  0]LogInit: CPU Page size=4096, Cores=6
[2022.11.18-23.12.16:888][  0]LogInit: High frequency timer resolution =10.000000 MHz
[2022.11.18-23.12.16:888][  0]LogMemory: Memory total: Physical=15.9GB (16GB approx)
[2022.11.18-23.12.16:888][  0]LogMemory: Platform Memory Stats for Windows
[2022.11.18-23.12.16:888][  0]LogMemory: Process Physical Memory: 143.94 MB used, 146.41 MB peak
[2022.11.18-23.12.16:888][  0]LogMemory: Process Virtual Memory: 124.12 MB used, 124.12 MB peak
[2022.11.18-23.12.16:888][  0]LogMemory: Physical Memory: 11212.20 MB used,  5046.18 MB free, 16258.38 MB total
[2022.11.18-23.12.16:888][  0]LogMemory: Virtual Memory: 134211592.00 MB used,  6133.18 MB free, 134217728.00 MB total
[2022.11.18-23.12.16:894][  0]LogWindows: WindowsPlatformFeatures enabled
[2022.11.18-23.12.16:937][  0]LogInit: Physics initialised using underlying interface: PhysX
[2022.11.18-23.12.16:937][  0]LogInit: Using OS detected language (da-DK).
[2022.11.18-23.12.16:937][  0]LogInit: Using OS detected locale (da-DK).
[2022.11.18-23.12.16:939][  0]LogTextLocalizationManager: No localization for 'da-DK' exists, so 'en' will be used for the language.
[2022.11.18-23.12.17:146][  0]LogInit: Setting process to per monitor DPI aware
[2022.11.18-23.12.17:159][  0]LogWindowsTextInputMethodSystem: Display: IME system deactivated.
[2022.11.18-23.12.17:174][  0]LogSlate: New Slate User Created.  User Index 0, Is Virtual User: 0
[2022.11.18-23.12.17:174][  0]LogSlate: Slate User Registered.  User Index 0, Is Virtual User: 0
[2022.11.18-23.12.17:288][  0]LogD3D11RHI: Loaded GFSDK_Aftermath_Lib.x64.dll
[2022.11.18-23.12.17:291][  0]LogHMD: Failed to initialize OpenVR with code 110
[2022.11.18-23.12.17:291][  0]LogD3D11RHI: D3D11 min allowed feature level: 11_0
[2022.11.18-23.12.17:291][  0]LogD3D11RHI: D3D11 max allowed feature level: 11_0
[2022.11.18-23.12.17:291][  0]LogD3D11RHI: D3D11 adapters:
[2022.11.18-23.12.17:393][  0]LogD3D11RHI:    0. 'NVIDIA GeForce GTX 1060 6GB' (Feature Level 11_0)
[2022.11.18-23.12.17:393][  0]LogD3D11RHI:       6052/0/8129 MB DedicatedVideo/DedicatedSystem/SharedSystem, Outputs:2, VendorId:0x10de
[2022.11.18-23.12.17:429][  0]LogD3D11RHI:    1. 'Intel(R) UHD Graphics 630' (Feature Level 11_0)
[2022.11.18-23.12.17:429][  0]LogD3D11RHI:       128/0/8129 MB DedicatedVideo/DedicatedSystem/SharedSystem, Outputs:0, VendorId:0x8086
[2022.11.18-23.12.17:432][  0]LogD3D11RHI:    2. 'Microsoft Basic Render Driver' (Feature Level 11_0)
[2022.11.18-23.12.17:432][  0]LogD3D11RHI:       0/0/8129 MB DedicatedVideo/DedicatedSystem/SharedSystem, Outputs:0, VendorId:0x1414
[2022.11.18-23.12.17:432][  0]LogD3D11RHI: Chosen D3D11 Adapter:
[2022.11.18-23.12.17:432][  0]LogD3D11RHI:     Description : NVIDIA GeForce GTX 1060 6GB
[2022.11.18-23.12.17:432][  0]LogD3D11RHI:     VendorId    : 10de
[2022.11.18-23.12.17:432][  0]LogD3D11RHI:     DeviceId    : 1c03
[2022.11.18-23.12.17:432][  0]LogD3D11RHI:     SubSysId    : 34901462
[2022.11.18-23.12.17:432][  0]LogD3D11RHI:     Revision    : 00a1
[2022.11.18-23.12.17:432][  0]LogD3D11RHI:     DedicatedVideoMemory : 6345981952 bytes
[2022.11.18-23.12.17:432][  0]LogD3D11RHI:     DedicatedSystemMemory : 0 bytes
[2022.11.18-23.12.17:432][  0]LogD3D11RHI:     SharedSystemMemory : 8524075008 bytes
[2022.11.18-23.12.17:432][  0]LogD3D11RHI:     AdapterLuid : 0 64630
[2022.11.18-23.12.17:441][  0]LogD3D11RHI: Creating new Direct3DDevice
[2022.11.18-23.12.17:441][  0]LogD3D11RHI:     GPU DeviceId: 0x1c03 (for the marketing name, search the web for "GPU Device Id")
[2022.11.18-23.12.17:441][  0]LogWindows: EnumDisplayDevices:
[2022.11.18-23.12.17:441][  0]LogWindows:    0. 'NVIDIA GeForce GTX 1060 6GB' (P:0 D:1)
[2022.11.18-23.12.17:442][  0]LogWindows:    1. 'NVIDIA GeForce GTX 1060 6GB' (P:1 D:1)
[2022.11.18-23.12.17:442][  0]LogWindows:    2. 'NVIDIA GeForce GTX 1060 6GB' (P:0 D:0)
[2022.11.18-23.12.17:442][  0]LogWindows:    3. 'NVIDIA GeForce GTX 1060 6GB' (P:0 D:0)
[2022.11.18-23.12.17:442][  0]LogWindows:    4. 'Intel(R) UHD Graphics 630' (P:0 D:0)
[2022.11.18-23.12.17:443][  0]LogWindows:    5. 'Intel(R) UHD Graphics 630' (P:0 D:0)
[2022.11.18-23.12.17:443][  0]LogWindows:    6. 'Intel(R) UHD Graphics 630' (P:0 D:0)
[2022.11.18-23.12.17:443][  0]LogWindows: DebugString: PrimaryIsNotTheChoosenAdapter PrimaryIsNotTheChoosenAdapter PrimaryIsNotTheChoosenAdapter FoundDriverCount:4 
[2022.11.18-23.12.17:443][  0]LogD3D11RHI:     Adapter Name: NVIDIA GeForce GTX 1060 6GB
[2022.11.18-23.12.17:443][  0]LogD3D11RHI:   Driver Version: 522.25 (internal:31.0.15.2225, unified:522.25)
[2022.11.18-23.12.17:443][  0]LogD3D11RHI:      Driver Date: 10-6-2022
[2022.11.18-23.12.17:443][  0]LogRHI: Texture pool is 4236 MB (70% of 6052 MB)
[2022.11.18-23.12.17:443][  0]LogD3D11RHI: Creating D3DDevice using adapter:
[2022.11.18-23.12.17:443][  0]LogD3D11RHI:     Description : NVIDIA GeForce GTX 1060 6GB
[2022.11.18-23.12.17:443][  0]LogD3D11RHI:     VendorId    : 10de
[2022.11.18-23.12.17:443][  0]LogD3D11RHI:     DeviceId    : 1c03
[2022.11.18-23.12.17:443][  0]LogD3D11RHI:     SubSysId    : 34901462
[2022.11.18-23.12.17:443][  0]LogD3D11RHI:     Revision    : 00a1
[2022.11.18-23.12.17:443][  0]LogD3D11RHI:     DedicatedVideoMemory : 6345981952 bytes
[2022.11.18-23.12.17:443][  0]LogD3D11RHI:     DedicatedSystemMemory : 0 bytes
[2022.11.18-23.12.17:443][  0]LogD3D11RHI:     SharedSystemMemory : 8524075008 bytes
[2022.11.18-23.12.17:443][  0]LogD3D11RHI:     AdapterLuid : 0 64630
[2022.11.18-23.12.17:514][  0]LogD3D11RHI: RHI has support for 64 bit atomics
[2022.11.18-23.12.17:514][  0]LogD3D11RHI: Async texture creation enabled
[2022.11.18-23.12.17:514][  0]LogD3D11RHI: Array index from any shader is supported
[2022.11.18-23.12.17:537][  0]LogD3D11RHI: GPU Timing Frequency: 1000.000000 (Debug: 2 1)
[2022.11.18-23.12.17:566][  0]LogRHI: GeForceNow SDK initialized: 1
[2022.11.18-23.12.17:893][  0]LogTargetPlatformManager: Display: Loaded TargetPlatform 'AllDesktop'
[2022.11.18-23.12.17:915][  0]LogTargetPlatformManager: Display: Loaded TargetPlatform 'Android'
[2022.11.18-23.12.17:915][  0]LogTargetPlatformManager: Display: Loaded TargetPlatform 'Android_ASTC'
[2022.11.18-23.12.17:915][  0]LogTargetPlatformManager: Display: Loaded TargetPlatform 'Android_DXT'
[2022.11.18-23.12.17:915][  0]LogTargetPlatformManager: Display: Loaded TargetPlatform 'Android_ETC2'
[2022.11.18-23.12.17:915][  0]LogTargetPlatformManager: Display: Loaded TargetPlatform 'AndroidClient'
[2022.11.18-23.12.17:915][  0]LogTargetPlatformManager: Display: Loaded TargetPlatform 'Android_ASTCClient'
[2022.11.18-23.12.17:915][  0]LogTargetPlatformManager: Display: Loaded TargetPlatform 'Android_DXTClient'
[2022.11.18-23.12.17:915][  0]LogTargetPlatformManager: Display: Loaded TargetPlatform 'Android_ETC2Client'
[2022.11.18-23.12.17:915][  0]LogTargetPlatformManager: Display: Loaded TargetPlatform 'Android_Multi'
[2022.11.18-23.12.17:915][  0]LogTargetPlatformManager: Display: Loaded TargetPlatform 'Android_MultiClient'
[2022.11.18-23.12.17:931][  0]LogTargetPlatformManager: Display: Loaded TargetPlatform 'IOSClient'
[2022.11.18-23.12.17:931][  0]LogTargetPlatformManager: Display: Loaded TargetPlatform 'IOS'
[2022.11.18-23.12.17:940][  0]LogTargetPlatformManager: Display: Loaded TargetPlatform 'Linux'
[2022.11.18-23.12.17:944][  0]LogTargetPlatformManager: Display: Loaded TargetPlatform 'LinuxNoEditor'
[2022.11.18-23.12.17:948][  0]LogTargetPlatformManager: Display: Loaded TargetPlatform 'LinuxClient'
[2022.11.18-23.12.17:952][  0]LogTargetPlatformManager: Display: Loaded TargetPlatform 'LinuxServer'
[2022.11.18-23.12.17:961][  0]LogTargetPlatformManager: Display: Loaded TargetPlatform 'LinuxAArch64NoEditor'
[2022.11.18-23.12.17:965][  0]LogTargetPlatformManager: Display: Loaded TargetPlatform 'LinuxAArch64Client'
[2022.11.18-23.12.17:969][  0]LogTargetPlatformManager: Display: Loaded TargetPlatform 'LinuxAArch64Server'
[2022.11.18-23.12.17:992][  0]LogTargetPlatformManager: Display: Loaded TargetPlatform 'Lumin'
[2022.11.18-23.12.17:992][  0]LogTargetPlatformManager: Display: Loaded TargetPlatform 'LuminClient'
[2022.11.18-23.12.18:000][  0]LogTargetPlatformManager: Display: Loaded TargetPlatform 'MacNoEditor'
[2022.11.18-23.12.18:005][  0]LogTargetPlatformManager: Display: Loaded TargetPlatform 'Mac'
[2022.11.18-23.12.18:009][  0]LogTargetPlatformManager: Display: Loaded TargetPlatform 'MacClient'
[2022.11.18-23.12.18:013][  0]LogTargetPlatformManager: Display: Loaded TargetPlatform 'MacServer'
[2022.11.18-23.12.18:023][  0]LogTargetPlatformManager: Display: Loaded TargetPlatform 'TVOSClient'
[2022.11.18-23.12.18:023][  0]LogTargetPlatformManager: Display: Loaded TargetPlatform 'TVOS'
[2022.11.18-23.12.18:032][  0]LogTargetPlatformManager: Display: Loaded TargetPlatform 'WindowsNoEditor'
[2022.11.18-23.12.18:036][  0]LogTargetPlatformManager: Display: Loaded TargetPlatform 'Windows'
[2022.11.18-23.12.18:040][  0]LogTargetPlatformManager: Display: Loaded TargetPlatform 'WindowsClient'
[2022.11.18-23.12.18:044][  0]LogTargetPlatformManager: Display: Loaded TargetPlatform 'WindowsServer'
[2022.11.18-23.12.18:045][  0]LogTargetPlatformManager: Display: Building Assets For Windows
[2022.11.18-23.12.18:051][  0]LogAudioDebug: Display: Lib vorbis DLL was dynamically loaded.
[2022.11.18-23.12.18:079][  0]LogTextureFormatOodle: Display: Oodle Texture 2.9.0 init RDO Off
[2022.11.18-23.12.18:110][  0]LogRendererCore: Ray tracing is disabled. Reason: r.RayTracing=0.
[2022.11.18-23.12.18:110][  0]LogShaderCompilers: Guid format shader working directory is -1 characters bigger than the processId version (E:/Unreal Uni Project/cargametry32/VehicleGame/Intermediate/Shaders/WorkingDirectory/25240/).
[2022.11.18-23.12.18:111][  0]LogShaderCompilers: Cleaned the shader compiler working directory 'C:/Users/sofus/AppData/Local/Temp/UnrealShaderWorkingDir/D23710CA4722391AA754CE9557AFDD23/'.
[2022.11.18-23.12.18:111][  0]LogXGEController: Cannot use XGE Controller as Incredibuild is not installed on this machine.
[2022.11.18-23.12.18:111][  0]LogShaderCompilers: Cannot use XGE Shader Compiler as Incredibuild is not installed on this machine.
[2022.11.18-23.12.18:111][  0]LogShaderCompilers: Display: Using Local Shader Compiler.
[2022.11.18-23.12.18:885][  0]LogDerivedDataCache: Display: Max Cache Size: 512 MB
[2022.11.18-23.12.18:953][  0]LogDerivedDataCache: Loaded boot cache 0.07s 101MB C:/Users/sofus/AppData/Local/UnrealEngine/4.27/DerivedDataCache/Boot.ddc.
[2022.11.18-23.12.18:953][  0]LogDerivedDataCache: Display: Loaded Boot cache: C:/Users/sofus/AppData/Local/UnrealEngine/4.27/DerivedDataCache/Boot.ddc
[2022.11.18-23.12.18:953][  0]LogDerivedDataCache: FDerivedDataBackendGraph:  Pak pak cache file E:/Unreal Uni Project/cargametry32/VehicleGame/DerivedDataCache/DDC.ddp not found, will not use a pak cache.
[2022.11.18-23.12.18:953][  0]LogDerivedDataCache: Unable to find inner node Pak for hierarchical cache Hierarchy.
[2022.11.18-23.12.19:001][  0]LogDerivedDataCache: Display: Pak cache opened for reading E:/Unreal Uni Project/cargametry32/VehicleGame/DerivedDataCache/Compressed.ddp.
[2022.11.18-23.12.19:018][  0]LogDerivedDataCache: Display: Pak cache opened for reading ../../../Engine/DerivedDataCache/Compressed.ddp.
[2022.11.18-23.12.19:018][  0]LogDerivedDataCache: FDerivedDataBackendGraph:  EnterprisePak pak cache file ../../../Enterprise/DerivedDataCache/Compressed.ddp not found, will not use a pak cache.
[2022.11.18-23.12.19:018][  0]LogDerivedDataCache: Unable to find inner node EnterprisePak for hierarchical cache Hierarchy.
[2022.11.18-23.12.19:024][  0]LogDerivedDataCache: Speed tests for C:/Users/sofus/AppData/Local/UnrealEngine/Common/DerivedDataCache took 0.01 seconds
[2022.11.18-23.12.19:024][  0]LogDerivedDataCache: Display: Performance to C:/Users/sofus/AppData/Local/UnrealEngine/Common/DerivedDataCache: Latency=0.03ms. RandomReadSpeed=1127.03MBs, RandomWriteSpeed=191.02MBs. Assigned SpeedClass 'Local'
[2022.11.18-23.12.19:025][  0]LogDerivedDataCache: Using Local data cache path C:/Users/sofus/AppData/Local/UnrealEngine/Common/DerivedDataCache: Writable
[2022.11.18-23.12.19:026][  0]LogDerivedDataCache: Shared data cache path not found in *engine.ini, will not use an Shared cache.
[2022.11.18-23.12.19:026][  0]LogDerivedDataCache: Unable to find inner node Shared for hierarchical cache Hierarchy.
[2022.11.18-23.12.19:072][  0]LogSlate: Using FreeType 2.10.0
[2022.11.18-23.12.19:072][  0]LogSlate: SlateFontServices - WITH_FREETYPE: 1, WITH_HARFBUZZ: 1
[2022.11.18-23.12.19:098][  0]LogAssetRegistry: FAssetRegistry took 0.0031 seconds to start up
[2022.11.18-23.12.19:334][  0]LogInit: Selected Device Profile: [Windows]
[2022.11.18-23.12.19:334][  0]LogInit: Active device profile: [000001B5B32B4B00][000001B5AA301140 49] Windows
[2022.11.18-23.12.19:334][  0]LogInit: Profiles: [000001B5B32B4B00][000001B5AA301140 49] Windows, [000001B5B3282200][000001B5B26492C0 49] WindowsNoEditor, [000001B5B32B5900][000001B5B278B440 49] WindowsServer, [000001B5B3282F00][000001B5B27875C0 49] WindowsClient, [000001B5B32B7C00][000001B5A8FCB740 49] IOS, [000001B5B3280F00][000001B5A8FBB8C0 49] iPadAir, [000001B5B32B7E00][000001B5A8FBFA40 49] iPadAir2, [000001B5B321CC00][000001B5AA2C6180 49] IPadPro, [000001B5B321CD00][000001B5AA2C21C0 49] iPadAir3, [000001B5B3283C00][000001B5AA2CA340 49] iPadAir4, [000001B5B321F600][000001B5AA2CE4C0 49] iPadMini2, [000001B5B3283300][000001B5AA2D2640 49] iPadMini3, [000001B5B321F800][000001B5AA2D67C0 49] iPadMini4, [000001B5B3283900][000001B5AA2DA940 49] iPadMini5, [000001B5B3260600][000001B5AA2DEB80 49] iPhone6, [000001B5B3260700][000001B5AA304BC0 49] iPodTouch6, [000001B5B32B6900][000001B5B264CE40 49] iPhone7, [000001B5B32B6800][000001B5AA2E2E80 49] iPodTouch7, [000001B5B3260100][000001B5B2651000 49] iPhone5S, [000001B5B321C700][000001B5B2655180 49] iPhone6Plus, [000001B5B3262500][000001B5B2659300 49] iPhone6S, [000001B5B321D300][000001B5B265D480 49] iPhone6SPlus, [000001B5B3263B00][000001B5B2661600 49] iPhone7Plus, [000001B5B321F500][000001B5B2665780 49] iPhoneSE, [000001B5B32B6600][000001B5B2669900 49] iPhone8, [000001B5B321C600][000001B5B266DA80 49] iPhone8Plus, [000001B5B32B6200][000001B5B2671C00 49] iPhoneX, [000001B5B321F300][000001B5B2674200 49] iPhoneXS, [000001B5B32B7400][000001B5A8B32380 49] iPhoneXSMax, [000001B5B321ED00][000001B5A8B36500 49] iPhoneXR, [000001B5B32B4200][000001B5A8B3A680 49] iPhone11, [000001B5B321DE00][000001B5A8B3E800 49] iPhone11Pro, [000001B5B32B6A00][000001B5A8B42980 49] iPhone11ProMax, [000001B5B321F700][000001B5A8B46B00 49] iPhoneSE2, [000001B5B32B4D00][000001B5AA2E6C40 49] iPhone12Mini, [000001B5B321DF00][000001B5A8B4AD80 49] iPhone12, [000001B5B32B4700][000001B5A8B4EEC0 49] iPhone12Pro, [000001B5B321D400][000001B5A8B57040 49] iPhone12ProMax, [000001B5B32B4C00][000001B5A8B5B1C0 49] iPadPro105, [000001B5B321D700][000001B5A8B5F340 49] iPadPro129, [000001B5B32B4100][000001B5A8B634C0 49] iPadPro97, [000001B5B321FC00][000001B5A8B67640 49] iPadPro2_129, [000001B5B32B4800][000001B5A8B6B7C0 49] iPad5, [000001B5B321F100][000001B5A8B77940 49] iPad6, [000001B5B32B4500][000001B5A8B7BAC0 49] iPad7, [000001B5B321E800][000001B5A8B7E0C0 49] iPad8, [000001B5B32B5500][000001B5A8B82240 49] iPadPro11, [000001B5B321D500][000001B5A8B863C0 49] iPadPro2_11, [000001B5B32B4F00][000001B5A8B8A540 49] iPadPro3_129, [000001B5B321EC00][000001B5A8B8E6C0 49] iPadPro4_129, [000001B5B32B6500][000001B5A8B92840 49] AppleTV, [000001B5B321D100][000001B5A8B969C0 49] AppleTV4K, [000001B5B32B4400][000001B5A8B9AB40 49] TVOS, [000001B5B321E600][000001B5A8B9ECC0 49] Mac, [000001B5B32B7D00][000001B5A8B52E00 49] MacClient, [000001B5B321D800][000001B5A8BA2F40 49] MacNoEditor, [000001B5B32B7100][000001B5A8BA7080 49] MacServer, [000001B5B321F900][000001B5A8BAB1C0 49] Linux, [000001B5B32B4900][000001B5B2717340 49] LinuxAArch64, [000001B5B321FF00][000001B5B271B4C0 49] LinuxNoEditor, [000001B5B32B5B00][000001B5B271F640 49] LinuxAArch64NoEditor, [000001B5B321F400][000001B5B27237C0 49] LinuxClient, [000001B5B32B5C00][000001B5B2727940 49] LinuxAArch64Client, [000001B5B321DD00][000001B5B272BAC0 49] LinuxServer, [000001B5B32B6F00][000001B5B272E0C0 49] LinuxAArch64Server, [000001B5B321C500][000001B5B2732240 49] Android, [000001B5B32B5E00][000001B5B27363C0 49] Android_Low, [000001B5B321F000][000001B5B273A540 49] Android_Mid, [000001B5B32B6400][000001B5B273E6C0 49] Android_High, [000001B5B321C800][000001B5B2742840 49] Android_Default, [000001B5B32B7200][000001B5B27469C0 49] Android_Adreno4xx, [000001B5B3282500][000001B5B274AB40 49] Android_Adreno5xx_Low, [000001B5B3261C00][000001B5B274ECC0 49] Android_Adreno5xx, [000001B5B3283E00][000001B5B2752E40 49] Android_Adreno6xx, [000001B5B3262B00][000001B5A8BAEF80 49] Android_Adreno6xx_Vulkan, [000001B5B3283F00][000001B5B27570C0 49] Android_Mali_T6xx, [000001B5B3260F00][000001B5B275B200 49] Android_Mali_T7xx, [000001B5B3281400][000001B5B275F340 49] Android_Mali_T8xx, [000001B5B3261F00][000001B5B27674C0 49] Android_Mali_G71, [000001B5B3281D00][000001B5B276B640 49] Android_Mali_G72, [000001B5B3262400][000001B5B276F7C0 49] Android_Mali_G72_Vulkan, [000001B5B3283700][000001B5B2773940 49] Android_Mali_G76, [000001B5B3262100][000001B5B2777AC0 49] Android_Mali_G76_Vulkan, [000001B5B3281C00][000001B5B277A0C0 49] Android_Mali_G77, [000001B5B3260A00][000001B5B277E240 49] Android_Mali_G77_Vulkan, [000001B5B3283500][000001B5B27823C0 49] Android_Mali_G78, [000001B5B3261300][000001B5B2510540 49] Android_Mali_G78_Vulkan, [000001B5B3282A00][000001B5B25146C0 49] Android_Mali_G710, [000001B5B3263D00][000001B5B2518840 49] Android_Mali_G710_Vulkan, [000001B5B3281F00][000001B5B251C9C0 49] Android_Vulkan_SM5, [000001B5B3260900][000001B5B2520B40 49] Android_PowerVR_G6xxx, [000001B5B3282000][000001B5B2524CC0 49] Android_PowerVR_GT7xxx, [000001B5B3262700][000001B5B2528E40 49] Android_PowerVR_GE8xxx, [000001B5B3282400][000001B5B252CFC0 49] Android_PowerVR_GM9xxx, [000001B5B3263200][000001B5B2531140 49] Android_PowerVR_GM9xxx_Vulkan, [000001B5B3283100][000001B5B2763280 49] Android_TegraK1, [000001B5B3261700][000001B5B25353C0 49] Android_Unknown_Vulkan, [000001B5B3283800][000001B5B2539500 49] Lumin, [000001B5B3260200][000001B5B2541680 49] Lumin_Desktop, [000001B5B3282300][000001B5B2545800 49] HoloLens, 
[2022.11.18-23.12.19:462][  0]LogMeshReduction: Using QuadricMeshReduction for automatic static mesh reduction
[2022.11.18-23.12.19:462][  0]LogMeshReduction: Using SimplygonMeshReduction for automatic skeletal mesh reduction
[2022.11.18-23.12.19:462][  0]LogMeshReduction: Using ProxyLODMeshReduction for automatic mesh merging
[2022.11.18-23.12.19:462][  0]LogMeshReduction: No distributed automatic mesh merging module available
[2022.11.18-23.12.19:462][  0]LogMeshMerging: No distributed automatic mesh merging module available
[2022.11.18-23.12.19:479][  0]LogNetVersion: VehicleGame 1.0.0, NetCL: 17155196, EngineNetVer: 17, GameNetVer: 0 (Checksum: 2789370143)
[2022.11.18-23.12.19:861][  0]LogTexture: Default maximum texture size for cubemaps generated from long-lat sources has been changed from 512 to unlimited. In order to preserve old behaiour for '/Engine/MapTemplates/Sky/DaylightAmbientCubemap.DaylightAmbientCubemap', its maximum texture size has been explicitly set to 512.
[2022.11.18-23.12.19:922][  0]LogHMD: PokeAHoleMaterial loaded successfully
[2022.11.18-23.12.19:929][  0]LogUObjectArray: 17178 objects as part of root set at end of initial load.
[2022.11.18-23.12.19:929][  0]LogUObjectAllocator: 4302048 out of 0 bytes used by permanent object pool.
[2022.11.18-23.12.19:929][  0]LogUObjectArray: CloseDisregardForGC: 0/0 objects in disregard for GC pool
[2022.11.18-23.12.20:191][  0]LogNiagaraDebuggerClient: Niagara Debugger Client Initialized | Session: CE69FF1346F99F1236B6A2970E8DB089 | Instance: 0E98B64548D03F34C398CF8207C1CFCA (DESKTOP-7IBF784-25240).
[2022.11.18-23.12.20:324][  0]LogTcpMessaging: Initializing TcpMessaging bridge
[2022.11.18-23.12.20:329][  0]LogUdpMessaging: Initializing bridge on interface 0.0.0.0:0 to multicast group 230.0.0.1:6666.
[2022.11.18-23.12.20:367][  0]LogPython: Using Python 3.7.7
[2022.11.18-23.12.21:043][  0]SourceControl: Source control is disabled
[2022.11.18-23.12.21:043][  0]SourceControl: Source control is disabled
[2022.11.18-23.12.21:046][  0]SourceControl: Source control is disabled
[2022.11.18-23.12.21:049][  0]SourceControl: Source control is disabled
[2022.11.18-23.12.21:058][  0]SourceControl: Source control is disabled
[2022.11.18-23.12.21:065][  0]LogUProjectInfo: Found projects:
[2022.11.18-23.12.21:275][  0]LogAndroidPermission: UAndroidPermissionCallbackProxy::GetInstance
[2022.11.18-23.12.21:301][  0]LogAudioCaptureCore: Display: No Audio Capture implementations found. Audio input will be silent.
[2022.11.18-23.12.21:301][  0]LogAudioCaptureCore: Display: No Audio Capture implementations found. Audio input will be silent.
[2022.11.18-23.12.21:409][  0]LogOpenImageDenoise: OIDN starting up
[2022.11.18-23.12.21:464][  0]LogCollectionManager: Loaded 0 collections in 0.000729 seconds
[2022.11.18-23.12.21:490][  0]LogFileCache: Scanning file cache for directory 'E:/Unreal Uni Project/cargametry32/VehicleGame/Saved/Collections/' took 0.00s
[2022.11.18-23.12.21:490][  0]LogFileCache: Scanning file cache for directory 'E:/Unreal Uni Project/cargametry32/VehicleGame/Content/Developers/GustavSchrøder/Collections/' took 0.00s
[2022.11.18-23.12.21:490][  0]LogFileCache: Scanning file cache for directory 'E:/Unreal Uni Project/cargametry32/VehicleGame/Content/Collections/' took 0.00s
[2022.11.18-23.12.21:490][  0]LogOcInput: OculusInput pre-init called
[2022.11.18-23.12.21:728][  0]LogClass: Display: IntProperty FRegisteredDeviceInfo::Handle is not initialized properly. Module:RawInput File:Public/RawInputFunctionLibrary.h
[2022.11.18-23.12.21:728][  0]LogClass: Display: IntProperty FRegisteredDeviceInfo::VendorID is not initialized properly. Module:RawInput File:Public/RawInputFunctionLibrary.h
[2022.11.18-23.12.21:728][  0]LogClass: Display: IntProperty FRegisteredDeviceInfo::ProductID is not initialized properly. Module:RawInput File:Public/RawInputFunctionLibrary.h
[2022.11.18-23.12.21:728][  0]LogClass: Display: 3 Uninitialized script struct members found including 0 object properties
[2022.11.18-23.12.21:729][  0]LogEngine: Initializing Engine...
[2022.11.18-23.12.21:844][  0]LogHMD: Optional extension XR_VARJO_quad_views is not available
[2022.11.18-23.12.21:845][  0]LogHMD: Warning: Required extension XR_EXT_eye_gaze_interaction is not available
[2022.11.18-23.12.21:845][  0]LogHMD: Could not enable all required OpenXR extensions for OpenXREyeTracker on current system. This plugin will be loaded but ignored, but will be enabled on a target platform that supports the required extension.
[2022.11.18-23.12.21:846][  0]LogHMD: Failed to get an OpenXR system, result is XR_ERROR_FORM_FACTOR_UNAVAILABLE. Please check that your runtime supports VR headsets.
[2022.11.18-23.12.21:846][  0]LogHMD: Failed to initialize OpenVR with code 110
[2022.11.18-23.12.21:846][  0]LogMagicLeap: Warning: VR disabled because ZI is not enabled.  To enable, in the editor, Edit -> Project Settings -> Plugins -> Magic Leap Plugin -> Enable Zero Iteration
[2022.11.18-23.12.21:847][  0]LogStats: UGameplayTagsManager::InitializeManager -  0.000 s
[2022.11.18-23.12.22:012][  0]LogInit: Initializing FReadOnlyCVARCache
[2022.11.18-23.12.22:020][  0]LogAIModule: Creating AISystem for world Untitled
[2022.11.18-23.12.22:021][  0]LogAudio: Display: Initializing Audio Device Manager...
[2022.11.18-23.12.22:024][  0]LogAudio: Display: Loading Default Audio Settings Objects...
[2022.11.18-23.12.22:024][  0]LogAudio: Display: No default SoundConcurrencyObject specified (or failed to load).
[2022.11.18-23.12.22:025][  0]LogAudio: Display: Audio Device Manager Initialized
[2022.11.18-23.12.22:025][  0]LogAudio: Display: Creating Audio Device:                 Id: 1, Scope: Shared, Realtime: True
[2022.11.18-23.12.22:025][  0]LogAudioMixer: Display: Audio Mixer Platform Settings:
[2022.11.18-23.12.22:025][  0]LogAudioMixer: Display: 	Sample Rate:						  48000
[2022.11.18-23.12.22:025][  0]LogAudioMixer: Display: 	Callback Buffer Frame Size Requested: 1024
[2022.11.18-23.12.22:025][  0]LogAudioMixer: Display: 	Callback Buffer Frame Size To Use:	  1024
[2022.11.18-23.12.22:025][  0]LogAudioMixer: Display: 	Number of buffers to queue:			  2
[2022.11.18-23.12.22:025][  0]LogAudioMixer: Display: 	Max Channels (voices):				  32
[2022.11.18-23.12.22:025][  0]LogAudioMixer: Display: 	Number of Async Source Workers:		  0
[2022.11.18-23.12.22:025][  0]LogAudio: Display: AudioDevice MaxSources: 32
[2022.11.18-23.12.22:025][  0]LogAudio: Display: Audio Spatialization Plugin: None (built-in).
[2022.11.18-23.12.22:025][  0]LogAudio: Display: Audio Reverb Plugin: None (built-in).
[2022.11.18-23.12.22:025][  0]LogAudio: Display: Audio Occlusion Plugin: None (built-in).
[2022.11.18-23.12.22:025][  0]LogAudioMixer: Display: Initializing audio mixer.
[2022.11.18-23.12.22:051][  0]LogAudioMixer: Display: Using Audio Device Unknown
[2022.11.18-23.12.22:052][  0]LogAudioMixer: Display: Initializing Sound Submixes...
[2022.11.18-23.12.22:054][  0]LogAudioMixer: Display: Creating Master Submix 'MasterSubmixDefault'
[2022.11.18-23.12.22:054][  0]LogAudioMixer: Display: Creating Master Submix 'MasterReverbSubmixDefault'
[2022.11.18-23.12.22:054][  0]LogAudioMixer: Display: Creating Master Submix 'MasterEQSubmixDefault'
[2022.11.18-23.12.22:054][  0]LogAudioMixer: FMixerPlatformXAudio2::StartAudioStream() called
[2022.11.18-23.12.22:054][  0]LogAudioMixer: Display: Output buffers initialized: Frames=1024, Channels=2, Samples=2048
[2022.11.18-23.12.22:055][  0]LogAudioMixer: Display: Starting AudioMixerPlatformInterface::RunInternal()
[2022.11.18-23.12.22:056][  0]LogAudioMixer: Display: StartRunningNullDevice() called
[2022.11.18-23.12.22:057][  0]LogInit: FAudioDevice initialized.
[2022.11.18-23.12.22:057][  0]LogAudio: Display: Audio Device (ID: 1) registered with world 'Untitled'.
[2022.11.18-23.12.22:057][  0]LogNetVersion: Set ProjectVersion to 1.0.0.0. Version Checksum will be recalculated on next use.
[2022.11.18-23.12.22:129][  0]LogDerivedDataCache: Saved boot cache 0.07s 101MB C:/Users/sofus/AppData/Local/UnrealEngine/4.27/DerivedDataCache/Boot.ddc.
[2022.11.18-23.12.22:130][  0]LogInit: Texture streaming: Enabled
[2022.11.18-23.12.22:142][  0]LogAnalytics: Display: [UEEditor.Rocket.Release] APIServer = https://datarouter.ol.epicgames.com/. AppVersion = 4.27.2-18319896+++UE4+Release-4.27
[2022.11.18-23.12.22:147][  0]LogEngineSessionManager: EngineSessionManager initialized
[2022.11.18-23.12.22:147][  0]LogEngineSessionManager: EngineSessionManager sent abnormal shutdown report. Type=Crashed, SessionId={4E7C7BBC-4AEA-5A0F-6B30-81A3AF421D11}
[2022.11.18-23.12.22:147][  0]LogEditorSessionSummary: Verbose: Initializing EditorSessionSummaryWriter for editor session tracking
[2022.11.18-23.12.22:162][  0]LogEditorSessionSummary: EditorSessionSummaryWriter initialized
[2022.11.18-23.12.22:190][  0]LogInit: Transaction tracking system initialized
[2022.11.18-23.12.22:210][  0]BlueprintLog: New page: Editor Load
[2022.11.18-23.12.22:271][  0]LocalizationService: Localization service is disabled
[2022.11.18-23.12.22:295][  0]TimingProfiler: Initialize
[2022.11.18-23.12.22:295][  0]TimingProfiler: OnSessionChanged
[2022.11.18-23.12.22:295][  0]LoadingProfiler: Initialize
[2022.11.18-23.12.22:295][  0]LoadingProfiler: OnSessionChanged
[2022.11.18-23.12.22:295][  0]NetworkingProfiler: Initialize
[2022.11.18-23.12.22:295][  0]NetworkingProfiler: OnSessionChanged
[2022.11.18-23.12.22:295][  0]MemoryProfiler: Initialize
[2022.11.18-23.12.22:295][  0]MemoryProfiler: OnSessionChanged
[2022.11.18-23.12.22:352][  0]LogConsoleResponse: Display:   GraphicsQuality 1
[2022.11.18-23.12.22:441][  0]LogCook: Display: CookSettings for Memory: MemoryMaxUsedVirtual 0MiB, MemoryMaxUsedPhysical 16384MiB, MemoryMinFreeVirtual 0MiB, MemoryMinFreePhysical 1024MiB
[2022.11.18-23.12.22:441][  0]LogCook: Display: Mobile HDR setting 1
[2022.11.18-23.12.22:620][  0]LogFileCache: Scanning file cache for directory 'E:/Unreal Uni Project/cargametry32/VehicleGame/Content/' took 0.00s
[2022.11.18-23.12.22:802][  0]LogInit: Display: Engine is initialized. Leaving FEngineLoop::Init()
[2022.11.18-23.12.22:805][  0]SourceControl: Source control is disabled
[2022.11.18-23.12.22:805][  0]LogUnrealEdMisc: Loading editor; pre map load, took 7.640
[2022.11.18-23.12.22:805][  0]Cmd: MAP LOAD FILE="E:/Unreal Uni Project/cargametry32/VehicleGame/Content/Maps/DesertRallyRace.umap" TEMPLATE=0 SHOWPROGRESS=1 FEATURELEVEL=3
[2022.11.18-23.12.22:806][  0]LogEditorServer: Warning: Can't find file 'E:/Unreal Uni Project/cargametry32/VehicleGame/Content/Maps/DesertRallyRace.umap'
[2022.11.18-23.12.22:806][  0]Cmd: MAP CHECKDEP NOCLEARLOG
[2022.11.18-23.12.22:806][  0]MapCheck: Map check complete: 0 Error(s), 0 Warning(s), took 0,131ms to complete.
[2022.11.18-23.12.22:806][  0]LogFileHelpers: Loading map 'DesertRallyRace' took 0.000
[2022.11.18-23.12.22:809][  0]LogUnrealEdMisc: Total Editor Startup Time, took 7.644
[2022.11.18-23.12.22:947][  0]LogSlate: Updating window title bar state: overlay mode, drag disabled, window buttons hidden, title bar hidden
[2022.11.18-23.12.22:953][  0]LogSlate: Updating window title bar state: overlay mode, drag disabled, window buttons hidden, title bar hidden
[2022.11.18-23.12.22:960][  0]LogSlate: Updating window title bar state: overlay mode, drag disabled, window buttons hidden, title bar hidden
[2022.11.18-23.12.22:967][  0]LogSlate: Updating window title bar state: overlay mode, drag disabled, window buttons hidden, title bar hidden
[2022.11.18-23.12.22:981][  0]LogNativeClassHierarchy: Verbose: Native class hierarchy populated in 0.0105 seconds. Added 3843 classes and 944 folders.
[2022.11.18-23.12.22:984][  0]LogNativeClassHierarchy: Verbose: Native class hierarchy updated for 'WidgetCarousel' in 0.0003 seconds. Added 0 classes and 0 folders.
[2022.11.18-23.12.22:985][  0]LogPakFile: PakFile PrimaryIndexSize=187
[2022.11.18-23.12.22:985][  0]LogPakFile: PakFile PathHashIndexSize=101
[2022.11.18-23.12.22:985][  0]LogPakFile: PakFile FullDirectoryIndexSize=148
[2022.11.18-23.12.22:985][  0]LogShaderLibrary: Display: ShaderCodeLibraryPakFileMountedCallback: PakFile 'D:/unreal/UE_4.27/FeaturePacks/FP_FirstPerson.upack' (chunk index -1, root 'root:/') mounted
[2022.11.18-23.12.22:985][  0]LogShaderLibrary: Display: ShaderCodeLibraryPakFileMountedCallback: pending pak file info (ChunkID:-1 Root:root:/ File:D:/unreal/UE_4.27/FeaturePacks/FP_FirstPerson.upack)
[2022.11.18-23.12.22:985][  0]LogPakFile: OnPakFileMounted2Time == 0.000064
[2022.11.18-23.12.22:986][  0]LogPakFile: PakFile PrimaryIndexSize=189
[2022.11.18-23.12.22:986][  0]LogPakFile: PakFile PathHashIndexSize=101
[2022.11.18-23.12.22:986][  0]LogPakFile: PakFile FullDirectoryIndexSize=152
[2022.11.18-23.12.22:986][  0]LogShaderLibrary: Display: ShaderCodeLibraryPakFileMountedCallback: PakFile 'D:/unreal/UE_4.27/FeaturePacks/FP_FirstPersonBP.upack' (chunk index -1, root 'root:/') mounted
[2022.11.18-23.12.22:986][  0]LogShaderLibrary: Display: ShaderCodeLibraryPakFileMountedCallback: pending pak file info (ChunkID:-1 Root:root:/ File:D:/unreal/UE_4.27/FeaturePacks/FP_FirstPersonBP.upack)
[2022.11.18-23.12.22:986][  0]LogPakFile: OnPakFileMounted2Time == 0.000051
[2022.11.18-23.12.22:986][  0]LogPakFile: PakFile PrimaryIndexSize=191
[2022.11.18-23.12.22:986][  0]LogPakFile: PakFile PathHashIndexSize=101
[2022.11.18-23.12.22:986][  0]LogPakFile: PakFile FullDirectoryIndexSize=160
[2022.11.18-23.12.22:986][  0]LogShaderLibrary: Display: ShaderCodeLibraryPakFileMountedCallback: PakFile 'D:/unreal/UE_4.27/FeaturePacks/MobileStarterContent.upack' (chunk index -1, root 'root:/') mounted
[2022.11.18-23.12.22:986][  0]LogShaderLibrary: Display: ShaderCodeLibraryPakFileMountedCallback: pending pak file info (ChunkID:-1 Root:root:/ File:D:/unreal/UE_4.27/FeaturePacks/MobileStarterContent.upack)
[2022.11.18-23.12.22:986][  0]LogPakFile: OnPakFileMounted2Time == 0.000042
[2022.11.18-23.12.22:987][  0]LogPakFile: PakFile PrimaryIndexSize=185
[2022.11.18-23.12.22:987][  0]LogPakFile: PakFile PathHashIndexSize=101
[2022.11.18-23.12.22:987][  0]LogPakFile: PakFile FullDirectoryIndexSize=148
[2022.11.18-23.12.22:987][  0]LogShaderLibrary: Display: ShaderCodeLibraryPakFileMountedCallback: PakFile 'D:/unreal/UE_4.27/FeaturePacks/StarterContent.upack' (chunk index -1, root 'root:/') mounted
[2022.11.18-23.12.22:987][  0]LogShaderLibrary: Display: ShaderCodeLibraryPakFileMountedCallback: pending pak file info (ChunkID:-1 Root:root:/ File:D:/unreal/UE_4.27/FeaturePacks/StarterContent.upack)
[2022.11.18-23.12.22:987][  0]LogPakFile: OnPakFileMounted2Time == 0.000044
[2022.11.18-23.12.22:987][  0]LogPakFile: PakFile PrimaryIndexSize=190
[2022.11.18-23.12.22:987][  0]LogPakFile: PakFile PathHashIndexSize=101
[2022.11.18-23.12.22:987][  0]LogPakFile: PakFile FullDirectoryIndexSize=154
[2022.11.18-23.12.22:987][  0]LogShaderLibrary: Display: ShaderCodeLibraryPakFileMountedCallback: PakFile 'D:/unreal/UE_4.27/FeaturePacks/TP_2DSideScroller.upack' (chunk index -1, root 'root:/') mounted
[2022.11.18-23.12.22:987][  0]LogShaderLibrary: Display: ShaderCodeLibraryPakFileMountedCallback: pending pak file info (ChunkID:-1 Root:root:/ File:D:/unreal/UE_4.27/FeaturePacks/TP_2DSideScroller.upack)
[2022.11.18-23.12.22:987][  0]LogPakFile: OnPakFileMounted2Time == 0.000035
[2022.11.18-23.12.22:988][  0]LogPakFile: PakFile PrimaryIndexSize=192
[2022.11.18-23.12.22:988][  0]LogPakFile: PakFile PathHashIndexSize=101
[2022.11.18-23.12.22:988][  0]LogPakFile: PakFile FullDirectoryIndexSize=158
[2022.11.18-23.12.22:988][  0]LogShaderLibrary: Display: ShaderCodeLibraryPakFileMountedCallback: PakFile 'D:/unreal/UE_4.27/FeaturePacks/TP_2DSideScrollerBP.upack' (chunk index -1, root 'root:/') mounted
[2022.11.18-23.12.22:988][  0]LogShaderLibrary: Display: ShaderCodeLibraryPakFileMountedCallback: pending pak file info (ChunkID:-1 Root:root:/ File:D:/unreal/UE_4.27/FeaturePacks/TP_2DSideScrollerBP.upack)
[2022.11.18-23.12.22:988][  0]LogPakFile: OnPakFileMounted2Time == 0.000041
[2022.11.18-23.12.22:988][  0]LogPakFile: PakFile PrimaryIndexSize=182
[2022.11.18-23.12.22:988][  0]LogPakFile: PakFile PathHashIndexSize=101
[2022.11.18-23.12.22:988][  0]LogPakFile: PakFile FullDirectoryIndexSize=138
[2022.11.18-23.12.22:988][  0]LogShaderLibrary: Display: ShaderCodeLibraryPakFileMountedCallback: PakFile 'D:/unreal/UE_4.27/FeaturePacks/TP_Flying.upack' (chunk index -1, root 'root:/') mounted
[2022.11.18-23.12.22:988][  0]LogShaderLibrary: Display: ShaderCodeLibraryPakFileMountedCallback: pending pak file info (ChunkID:-1 Root:root:/ File:D:/unreal/UE_4.27/FeaturePacks/TP_Flying.upack)
[2022.11.18-23.12.22:988][  0]LogPakFile: OnPakFileMounted2Time == 0.000036
[2022.11.18-23.12.22:989][  0]LogPakFile: PakFile PrimaryIndexSize=184
[2022.11.18-23.12.22:989][  0]LogPakFile: PakFile PathHashIndexSize=101
[2022.11.18-23.12.22:989][  0]LogPakFile: PakFile FullDirectoryIndexSize=142
[2022.11.18-23.12.22:989][  0]LogShaderLibrary: Display: ShaderCodeLibraryPakFileMountedCallback: PakFile 'D:/unreal/UE_4.27/FeaturePacks/TP_FlyingBP.upack' (chunk index -1, root 'root:/') mounted
[2022.11.18-23.12.22:989][  0]LogShaderLibrary: Display: ShaderCodeLibraryPakFileMountedCallback: pending pak file info (ChunkID:-1 Root:root:/ File:D:/unreal/UE_4.27/FeaturePacks/TP_FlyingBP.upack)
[2022.11.18-23.12.22:989][  0]LogPakFile: OnPakFileMounted2Time == 0.000036
[2022.11.18-23.12.22:989][  0]LogPakFile: PakFile PrimaryIndexSize=188
[2022.11.18-23.12.22:989][  0]LogPakFile: PakFile PathHashIndexSize=101
[2022.11.18-23.12.22:990][  0]LogPakFile: PakFile FullDirectoryIndexSize=150
[2022.11.18-23.12.22:990][  0]LogShaderLibrary: Display: ShaderCodeLibraryPakFileMountedCallback: PakFile 'D:/unreal/UE_4.27/FeaturePacks/TP_HandheldARBP.upack' (chunk index -1, root 'root:/') mounted
[2022.11.18-23.12.22:990][  0]LogShaderLibrary: Display: ShaderCodeLibraryPakFileMountedCallback: pending pak file info (ChunkID:-1 Root:root:/ File:D:/unreal/UE_4.27/FeaturePacks/TP_HandheldARBP.upack)
[2022.11.18-23.12.22:990][  0]LogPakFile: OnPakFileMounted2Time == 0.000040
[2022.11.18-23.12.22:990][  0]LogPakFile: PakFile PrimaryIndexSize=182
[2022.11.18-23.12.22:990][  0]LogPakFile: PakFile PathHashIndexSize=101
[2022.11.18-23.12.22:990][  0]LogPakFile: PakFile FullDirectoryIndexSize=138
[2022.11.18-23.12.22:990][  0]LogShaderLibrary: Display: ShaderCodeLibraryPakFileMountedCallback: PakFile 'D:/unreal/UE_4.27/FeaturePacks/TP_Puzzle.upack' (chunk index -1, root 'root:/') mounted
[2022.11.18-23.12.22:990][  0]LogShaderLibrary: Display: ShaderCodeLibraryPakFileMountedCallback: pending pak file info (ChunkID:-1 Root:root:/ File:D:/unreal/UE_4.27/FeaturePacks/TP_Puzzle.upack)
[2022.11.18-23.12.22:990][  0]LogPakFile: OnPakFileMounted2Time == 0.000038
[2022.11.18-23.12.22:991][  0]LogPakFile: PakFile PrimaryIndexSize=184
[2022.11.18-23.12.22:991][  0]LogPakFile: PakFile PathHashIndexSize=101
[2022.11.18-23.12.22:991][  0]LogPakFile: PakFile FullDirectoryIndexSize=142
[2022.11.18-23.12.22:991][  0]LogShaderLibrary: Display: ShaderCodeLibraryPakFileMountedCallback: PakFile 'D:/unreal/UE_4.27/FeaturePacks/TP_PuzzleBP.upack' (chunk index -1, root 'root:/') mounted
[2022.11.18-23.12.22:991][  0]LogShaderLibrary: Display: ShaderCodeLibraryPakFileMountedCallback: pending pak file info (ChunkID:-1 Root:root:/ File:D:/unreal/UE_4.27/FeaturePacks/TP_PuzzleBP.upack)
[2022.11.18-23.12.22:991][  0]LogPakFile: OnPakFileMounted2Time == 0.000037
[2022.11.18-23.12.22:991][  0]LogPakFile: PakFile PrimaryIndexSize=183
[2022.11.18-23.12.22:991][  0]LogPakFile: PakFile PathHashIndexSize=101
[2022.11.18-23.12.22:991][  0]LogPakFile: PakFile FullDirectoryIndexSize=140
[2022.11.18-23.12.22:991][  0]LogShaderLibrary: Display: ShaderCodeLibraryPakFileMountedCallback: PakFile 'D:/unreal/UE_4.27/FeaturePacks/TP_Rolling.upack' (chunk index -1, root 'root:/') mounted
[2022.11.18-23.12.22:991][  0]LogShaderLibrary: Display: ShaderCodeLibraryPakFileMountedCallback: pending pak file info (ChunkID:-1 Root:root:/ File:D:/unreal/UE_4.27/FeaturePacks/TP_Rolling.upack)
[2022.11.18-23.12.22:991][  0]LogPakFile: OnPakFileMounted2Time == 0.000037
[2022.11.18-23.12.22:992][  0]LogPakFile: PakFile PrimaryIndexSize=185
[2022.11.18-23.12.22:992][  0]LogPakFile: PakFile PathHashIndexSize=101
[2022.11.18-23.12.22:992][  0]LogPakFile: PakFile FullDirectoryIndexSize=144
[2022.11.18-23.12.22:992][  0]LogShaderLibrary: Display: ShaderCodeLibraryPakFileMountedCallback: PakFile 'D:/unreal/UE_4.27/FeaturePacks/TP_RollingBP.upack' (chunk index -1, root 'root:/') mounted
[2022.11.18-23.12.22:992][  0]LogShaderLibrary: Display: ShaderCodeLibraryPakFileMountedCallback: pending pak file info (ChunkID:-1 Root:root:/ File:D:/unreal/UE_4.27/FeaturePacks/TP_RollingBP.upack)
[2022.11.18-23.12.22:992][  0]LogPakFile: OnPakFileMounted2Time == 0.000036
[2022.11.18-23.12.22:992][  0]LogPakFile: PakFile PrimaryIndexSize=188
[2022.11.18-23.12.22:992][  0]LogPakFile: PakFile PathHashIndexSize=101
[2022.11.18-23.12.22:992][  0]LogPakFile: PakFile FullDirectoryIndexSize=150
[2022.11.18-23.12.22:992][  0]LogShaderLibrary: Display: ShaderCodeLibraryPakFileMountedCallback: PakFile 'D:/unreal/UE_4.27/FeaturePacks/TP_SideScroller.upack' (chunk index -1, root 'root:/') mounted
[2022.11.18-23.12.22:992][  0]LogShaderLibrary: Display: ShaderCodeLibraryPakFileMountedCallback: pending pak file info (ChunkID:-1 Root:root:/ File:D:/unreal/UE_4.27/FeaturePacks/TP_SideScroller.upack)
[2022.11.18-23.12.22:993][  0]LogPakFile: OnPakFileMounted2Time == 0.000038
[2022.11.18-23.12.22:993][  0]LogPakFile: PakFile PrimaryIndexSize=190
[2022.11.18-23.12.22:993][  0]LogPakFile: PakFile PathHashIndexSize=101
[2022.11.18-23.12.22:993][  0]LogPakFile: PakFile FullDirectoryIndexSize=154
[2022.11.18-23.12.22:993][  0]LogShaderLibrary: Display: ShaderCodeLibraryPakFileMountedCallback: PakFile 'D:/unreal/UE_4.27/FeaturePacks/TP_SideScrollerBP.upack' (chunk index -1, root 'root:/') mounted
[2022.11.18-23.12.22:993][  0]LogShaderLibrary: Display: ShaderCodeLibraryPakFileMountedCallback: pending pak file info (ChunkID:-1 Root:root:/ File:D:/unreal/UE_4.27/FeaturePacks/TP_SideScrollerBP.upack)
[2022.11.18-23.12.22:993][  0]LogPakFile: OnPakFileMounted2Time == 0.000041
[2022.11.18-23.12.22:993][  0]LogPakFile: PakFile PrimaryIndexSize=187
[2022.11.18-23.12.22:993][  0]LogPakFile: PakFile PathHashIndexSize=101
[2022.11.18-23.12.22:993][  0]LogPakFile: PakFile FullDirectoryIndexSize=148
[2022.11.18-23.12.22:993][  0]LogShaderLibrary: Display: ShaderCodeLibraryPakFileMountedCallback: PakFile 'D:/unreal/UE_4.27/FeaturePacks/TP_ThirdPerson.upack' (chunk index -1, root 'root:/') mounted
[2022.11.18-23.12.22:994][  0]LogShaderLibrary: Display: ShaderCodeLibraryPakFileMountedCallback: pending pak file info (ChunkID:-1 Root:root:/ File:D:/unreal/UE_4.27/FeaturePacks/TP_ThirdPerson.upack)
[2022.11.18-23.12.22:994][  0]LogPakFile: OnPakFileMounted2Time == 0.000036
[2022.11.18-23.12.22:994][  0]LogPakFile: PakFile PrimaryIndexSize=189
[2022.11.18-23.12.22:994][  0]LogPakFile: PakFile PathHashIndexSize=101
[2022.11.18-23.12.22:994][  0]LogPakFile: PakFile FullDirectoryIndexSize=152
[2022.11.18-23.12.22:994][  0]LogShaderLibrary: Display: ShaderCodeLibraryPakFileMountedCallback: PakFile 'D:/unreal/UE_4.27/FeaturePacks/TP_ThirdPersonBP.upack' (chunk index -1, root 'root:/') mounted
[2022.11.18-23.12.22:994][  0]LogShaderLibrary: Display: ShaderCodeLibraryPakFileMountedCallback: pending pak file info (ChunkID:-1 Root:root:/ File:D:/unreal/UE_4.27/FeaturePacks/TP_ThirdPersonBP.upack)
[2022.11.18-23.12.22:994][  0]LogPakFile: OnPakFileMounted2Time == 0.000034
[2022.11.18-23.12.22:994][  0]LogPakFile: PakFile PrimaryIndexSize=183
[2022.11.18-23.12.22:994][  0]LogPakFile: PakFile PathHashIndexSize=101
[2022.11.18-23.12.22:994][  0]LogPakFile: PakFile FullDirectoryIndexSize=140
[2022.11.18-23.12.22:994][  0]LogShaderLibrary: Display: ShaderCodeLibraryPakFileMountedCallback: PakFile 'D:/unreal/UE_4.27/FeaturePacks/TP_TopDown.upack' (chunk index -1, root 'root:/') mounted
[2022.11.18-23.12.22:994][  0]LogShaderLibrary: Display: ShaderCodeLibraryPakFileMountedCallback: pending pak file info (ChunkID:-1 Root:root:/ File:D:/unreal/UE_4.27/FeaturePacks/TP_TopDown.upack)
[2022.11.18-23.12.22:995][  0]LogPakFile: OnPakFileMounted2Time == 0.000043
[2022.11.18-23.12.22:995][  0]LogPakFile: PakFile PrimaryIndexSize=185
[2022.11.18-23.12.22:995][  0]LogPakFile: PakFile PathHashIndexSize=101
[2022.11.18-23.12.22:995][  0]LogPakFile: PakFile FullDirectoryIndexSize=144
[2022.11.18-23.12.22:995][  0]LogShaderLibrary: Display: ShaderCodeLibraryPakFileMountedCallback: PakFile 'D:/unreal/UE_4.27/FeaturePacks/TP_TopDownBP.upack' (chunk index -1, root 'root:/') mounted
[2022.11.18-23.12.22:995][  0]LogShaderLibrary: Display: ShaderCodeLibraryPakFileMountedCallback: pending pak file info (ChunkID:-1 Root:root:/ File:D:/unreal/UE_4.27/FeaturePacks/TP_TopDownBP.upack)
[2022.11.18-23.12.22:995][  0]LogPakFile: OnPakFileMounted2Time == 0.000044
[2022.11.18-23.12.22:996][  0]LogPakFile: PakFile PrimaryIndexSize=185
[2022.11.18-23.12.22:996][  0]LogPakFile: PakFile PathHashIndexSize=101
[2022.11.18-23.12.22:996][  0]LogPakFile: PakFile FullDirectoryIndexSize=144
[2022.11.18-23.12.22:996][  0]LogShaderLibrary: Display: ShaderCodeLibraryPakFileMountedCallback: PakFile 'D:/unreal/UE_4.27/FeaturePacks/TP_TwinStick.upack' (chunk index -1, root 'root:/') mounted
[2022.11.18-23.12.22:996][  0]LogShaderLibrary: Display: ShaderCodeLibraryPakFileMountedCallback: pending pak file info (ChunkID:-1 Root:root:/ File:D:/unreal/UE_4.27/FeaturePacks/TP_TwinStick.upack)
[2022.11.18-23.12.22:996][  0]LogPakFile: OnPakFileMounted2Time == 0.000050
[2022.11.18-23.12.22:996][  0]LogPakFile: PakFile PrimaryIndexSize=187
[2022.11.18-23.12.22:996][  0]LogPakFile: PakFile PathHashIndexSize=101
[2022.11.18-23.12.22:996][  0]LogPakFile: PakFile FullDirectoryIndexSize=148
[2022.11.18-23.12.22:996][  0]LogShaderLibrary: Display: ShaderCodeLibraryPakFileMountedCallback: PakFile 'D:/unreal/UE_4.27/FeaturePacks/TP_TwinStickBP.upack' (chunk index -1, root 'root:/') mounted
[2022.11.18-23.12.22:996][  0]LogShaderLibrary: Display: ShaderCodeLibraryPakFileMountedCallback: pending pak file info (ChunkID:-1 Root:root:/ File:D:/unreal/UE_4.27/FeaturePacks/TP_TwinStickBP.upack)
[2022.11.18-23.12.22:996][  0]LogPakFile: OnPakFileMounted2Time == 0.000041
[2022.11.18-23.12.22:997][  0]LogPakFile: PakFile PrimaryIndexSize=183
[2022.11.18-23.12.22:997][  0]LogPakFile: PakFile PathHashIndexSize=101
[2022.11.18-23.12.22:997][  0]LogPakFile: PakFile FullDirectoryIndexSize=140
[2022.11.18-23.12.22:997][  0]LogShaderLibrary: Display: ShaderCodeLibraryPakFileMountedCallback: PakFile 'D:/unreal/UE_4.27/FeaturePacks/TP_Vehicle.upack' (chunk index -1, root 'root:/') mounted
[2022.11.18-23.12.22:997][  0]LogShaderLibrary: Display: ShaderCodeLibraryPakFileMountedCallback: pending pak file info (ChunkID:-1 Root:root:/ File:D:/unreal/UE_4.27/FeaturePacks/TP_Vehicle.upack)
[2022.11.18-23.12.22:997][  0]LogPakFile: OnPakFileMounted2Time == 0.000037
[2022.11.18-23.12.22:998][  0]LogPakFile: PakFile PrimaryIndexSize=186
[2022.11.18-23.12.22:998][  0]LogPakFile: PakFile PathHashIndexSize=101
[2022.11.18-23.12.22:998][  0]LogPakFile: PakFile FullDirectoryIndexSize=146
[2022.11.18-23.12.22:998][  0]LogShaderLibrary: Display: ShaderCodeLibraryPakFileMountedCallback: PakFile 'D:/unreal/UE_4.27/FeaturePacks/TP_VehicleAdv.upack' (chunk index -1, root 'root:/') mounted
[2022.11.18-23.12.22:998][  0]LogShaderLibrary: Display: ShaderCodeLibraryPakFileMountedCallback: pending pak file info (ChunkID:-1 Root:root:/ File:D:/unreal/UE_4.27/FeaturePacks/TP_VehicleAdv.upack)
[2022.11.18-23.12.22:998][  0]LogPakFile: OnPakFileMounted2Time == 0.000038
[2022.11.18-23.12.22:998][  0]LogPakFile: PakFile PrimaryIndexSize=188
[2022.11.18-23.12.22:998][  0]LogPakFile: PakFile PathHashIndexSize=101
[2022.11.18-23.12.22:998][  0]LogPakFile: PakFile FullDirectoryIndexSize=150
[2022.11.18-23.12.22:998][  0]LogShaderLibrary: Display: ShaderCodeLibraryPakFileMountedCallback: PakFile 'D:/unreal/UE_4.27/FeaturePacks/TP_VehicleAdvBP.upack' (chunk index -1, root 'root:/') mounted
[2022.11.18-23.12.22:998][  0]LogShaderLibrary: Display: ShaderCodeLibraryPakFileMountedCallback: pending pak file info (ChunkID:-1 Root:root:/ File:D:/unreal/UE_4.27/FeaturePacks/TP_VehicleAdvBP.upack)
[2022.11.18-23.12.22:998][  0]LogPakFile: OnPakFileMounted2Time == 0.000038
[2022.11.18-23.12.22:999][  0]LogPakFile: PakFile PrimaryIndexSize=185
[2022.11.18-23.12.22:999][  0]LogPakFile: PakFile PathHashIndexSize=101
[2022.11.18-23.12.22:999][  0]LogPakFile: PakFile FullDirectoryIndexSize=144
[2022.11.18-23.12.22:999][  0]LogShaderLibrary: Display: ShaderCodeLibraryPakFileMountedCallback: PakFile 'D:/unreal/UE_4.27/FeaturePacks/TP_VehicleBP.upack' (chunk index -1, root 'root:/') mounted
[2022.11.18-23.12.22:999][  0]LogShaderLibrary: Display: ShaderCodeLibraryPakFileMountedCallback: pending pak file info (ChunkID:-1 Root:root:/ File:D:/unreal/UE_4.27/FeaturePacks/TP_VehicleBP.upack)
[2022.11.18-23.12.22:999][  0]LogPakFile: OnPakFileMounted2Time == 0.000040
[2022.11.18-23.12.22:999][  0]LogPakFile: PakFile PrimaryIndexSize=192
[2022.11.18-23.12.22:999][  0]LogPakFile: PakFile PathHashIndexSize=101
[2022.11.18-23.12.22:999][  0]LogPakFile: PakFile FullDirectoryIndexSize=158
[2022.11.18-23.12.22:999][  0]LogShaderLibrary: Display: ShaderCodeLibraryPakFileMountedCallback: PakFile 'D:/unreal/UE_4.27/FeaturePacks/TP_VirtualRealityBP.upack' (chunk index -1, root 'root:/') mounted
[2022.11.18-23.12.22:999][  0]LogShaderLibrary: Display: ShaderCodeLibraryPakFileMountedCallback: pending pak file info (ChunkID:-1 Root:root:/ File:D:/unreal/UE_4.27/FeaturePacks/TP_VirtualRealityBP.upack)
[2022.11.18-23.12.22:999][  0]LogPakFile: OnPakFileMounted2Time == 0.000034
[2022.11.18-23.12.23:034][  0]LogNativeClassHierarchy: Verbose: Native class hierarchy updated for 'AddContentDialog' in 0.0003 seconds. Added 0 classes and 0 folders.
[2022.11.18-23.12.23:035][  0]LogNativeClassHierarchy: Verbose: Native class hierarchy updated for 'SceneOutliner' in 0.0003 seconds. Added 2 classes and 0 folders.
[2022.11.18-23.12.23:113][  0]LogSlate: Took 0.000238 seconds to synchronously load lazily loaded font '../../../Engine/Content/Slate/Fonts/Roboto-Regular.ttf' (155K)
[2022.11.18-23.12.23:114][  0]LogSlate: Took 0.000164 seconds to synchronously load lazily loaded font '../../../Engine/Content/Editor/Slate/Fonts/FontAwesome.ttf' (139K)
[2022.11.18-23.12.23:115][  0]LogSlate: Took 0.000139 seconds to synchronously load lazily loaded font '../../../Engine/Content/Slate/Fonts/Roboto-Bold.ttf' (160K)
[2022.11.18-23.12.23:205][  0]LogRenderer: Reallocating scene render targets to support 1000x596 Format 10 NumSamples 1 (Frame:1).
[2022.11.18-23.12.23:290][  0]LogNativeClassHierarchy: Verbose: Native class hierarchy updated for 'HierarchicalLODOutliner' in 0.0002 seconds. Added 0 classes and 0 folders.
[2022.11.18-23.12.23:290][  0]LogLoad: (Engine Initialization) Total time: 8.12 seconds
[2022.11.18-23.12.23:290][  0]LogLoad: (Engine Initialization) Total Blueprint compile time: 0.00 seconds
[2022.11.18-23.12.23:300][  0]LogRawInputWindows: Warning: Found device 12 devices
[2022.11.18-23.12.23:333][  0]LogAssetRegistry: Asset discovery search completed in 4.2362 seconds
[2022.11.18-23.12.23:338][  0]LogCollectionManager: Fixed up redirectors for 0 collections in 0.000005 seconds (updated 0 objects)
[2022.11.18-23.12.23:340][  0]LogContentStreaming: Texture pool size now 1000 MB
[2022.11.18-23.12.23:407][  5]LogSlate: Took 0.000161 seconds to synchronously load lazily loaded font '../../../Engine/Content/Slate/Fonts/Roboto-Light.ttf' (167K)
[2022.11.18-23.12.24:306][112]LogSlate: Took 0.000198 seconds to synchronously load lazily loaded font '../../../Engine/Content/Slate/Fonts/Roboto-Light.ttf' (167K)
[2022.11.18-23.12.31:067][814]LogSkeletalMesh: Display: [AssetLog] E:\Unreal Uni Project\cargametry32\VehicleGame\Content\Vehicles\VH_Buggy\Mesh\SK_Buggy_Vehicle.uasset: Find and fix some bad tangent! please re-import this skeletal mesh asset to fix the issue. The shading of the skeletal mesh will be bad and faceted.
[2022.11.18-23.12.31:156][814]LogAssetEditorSubsystem: Opening Asset editor for Blueprint /Game/Vehicles/VH_Buggy/Blueprint/VH_Gamemode.VH_Gamemode
[2022.11.18-23.12.31:289][814]LogNativeClassHierarchy: Verbose: Native class hierarchy updated for 'BlueprintGraph' in 0.0005 seconds. Added 126 classes and 0 folders.
[2022.11.18-23.12.33:348][931]LogSlate: Window 'VH_Gamemode' being destroyed
[2022.11.18-23.12.33:355][931]LogWorld: UWorld::CleanupWorld for World_0, bSessionEnded=true, bCleanupResources=true
[2022.11.18-23.12.33:355][931]LogSlate: InvalidateAllWidgets triggered.  All widgets were invalidated
[2022.11.18-23.12.33:418][931]LogAssetEditorSubsystem: Opening Asset editor for Blueprint /Game/Vehicles/VH_Buggy/Blueprint/VH_Gamemode.VH_Gamemode
[2022.11.18-23.12.33:882][931]LogSlate: Took 0.000177 seconds to synchronously load lazily loaded font '../../../Engine/Content/Slate/Fonts/Roboto-BoldCondensed.ttf' (158K)
[2022.11.18-23.12.55:798][ 95]BlueprintLog: New page: Compile VH_Gamemode
[2022.11.18-23.12.55:837][ 95]LogUObjectHash: Compacting FUObjectHashTables data took   2.58ms
[2022.11.18-23.12.55:874][ 95]LogSlate: Took 0.000145 seconds to synchronously load lazily loaded font '../../../Engine/Content/Slate/Fonts/DroidSansMono.ttf' (77K)
[2022.11.18-23.12.58:120][321]Cmd: OBJ SAVEPACKAGE PACKAGE="/Game/Vehicles/VH_Buggy/Blueprint/VH_Gamemode" FILE="E:/Unreal Uni Project/cargametry32/VehicleGame/Content/Vehicles/VH_Buggy/Blueprint/VH_Gamemode.uasset" SILENT=true
[2022.11.18-23.12.58:125][321]LogSavePackage: Moving 'E:/Unreal Uni Project/cargametry32/VehicleGame/Saved/VH_Gamemode160DF4F04D7C1CB09F27B195391398F0.tmp' to 'E:/Unreal Uni Project/cargametry32/VehicleGame/Content/Vehicles/VH_Buggy/Blueprint/VH_Gamemode.uasset'
[2022.11.18-23.12.58:140][321]AssetCheck: New page: Asset Save: VH_Gamemode
[2022.11.18-23.12.58:140][321]LogContentValidation: Display: Validating Blueprint /Game/Vehicles/VH_Buggy/Blueprint/VH_Gamemode.VH_Gamemode
[2022.11.18-23.13.02:309][709]LogSlate: Took 0.000179 seconds to synchronously load lazily loaded font '../../../Engine/Content/Slate/Fonts/Roboto-Italic.ttf' (157K)
[2022.11.18-23.13.03:208][791]LogTemp: Repeating last play command: Selected Viewport
[2022.11.18-23.13.03:213][791]BlueprintLog: New page: Pre-Play auto-recompile
[2022.11.18-23.13.03:215][791]LogPlayLevel: [PlayLevel] Compiling VH_HUD before play...
[2022.11.18-23.13.03:262][791]LogUObjectHash: Compacting FUObjectHashTables data took   2.48ms
[2022.11.18-23.13.03:263][791]LogPlayLevel: PlayLevel: Blueprint regeneration took 49 ms (1 blueprints)
[2022.11.18-23.13.03:263][791]PIE: New page: PIE session: Untitled_0 (19. nov. 2022 01.13.03)
[2022.11.18-23.13.03:264][791]LogOnline: OSS: Creating online subsystem instance for: NULL
[2022.11.18-23.13.03:266][791]LogOnline: OSS: TryLoadSubsystemAndSetDefault: Loaded subsystem for module [NULL]
[2022.11.18-23.13.03:266][791]LogPlayLevel: Creating play world package: /Temp/UEDPIE_0_Untitled_0
[2022.11.18-23.13.03:266][791]LogPlayLevel: PIE: StaticDuplicateObject took: (0.000600s)
[2022.11.18-23.13.03:267][791]LogAIModule: Creating AISystem for world Untitled
[2022.11.18-23.13.03:268][791]LogPlayLevel: PIE: World Init took: (0.001088s)
[2022.11.18-23.13.03:268][791]LogPlayLevel: PIE: Created PIE world by copying editor world from /Temp/Untitled_0.Untitled to /Temp/UEDPIE_0_Untitled_0.Untitled (0.001829s)
[2022.11.18-23.13.03:288][791]LogUObjectHash: Compacting FUObjectHashTables data took   1.70ms
[2022.11.18-23.13.03:288][791]LogAudio: Display: Creating Audio Device:                 Id: 2, Scope: Unique, Realtime: True
[2022.11.18-23.13.03:288][791]LogAudioMixer: Display: Audio Mixer Platform Settings:
[2022.11.18-23.13.03:288][791]LogAudioMixer: Display: 	Sample Rate:						  48000
[2022.11.18-23.13.03:288][791]LogAudioMixer: Display: 	Callback Buffer Frame Size Requested: 1024
[2022.11.18-23.13.03:288][791]LogAudioMixer: Display: 	Callback Buffer Frame Size To Use:	  1024
[2022.11.18-23.13.03:288][791]LogAudioMixer: Display: 	Number of buffers to queue:			  2
[2022.11.18-23.13.03:288][791]LogAudioMixer: Display: 	Max Channels (voices):				  32
[2022.11.18-23.13.03:288][791]LogAudioMixer: Display: 	Number of Async Source Workers:		  0
[2022.11.18-23.13.03:288][791]LogAudio: Display: AudioDevice MaxSources: 32
[2022.11.18-23.13.03:289][791]LogAudio: Display: Audio Spatialization Plugin: None (built-in).
[2022.11.18-23.13.03:289][791]LogAudio: Display: Audio Reverb Plugin: None (built-in).
[2022.11.18-23.13.03:289][791]LogAudio: Display: Audio Occlusion Plugin: None (built-in).
[2022.11.18-23.13.03:289][791]LogAudioMixer: Display: Initializing audio mixer.
[2022.11.18-23.13.03:291][791]LogAudioMixer: Display: Using Audio Device Unknown
[2022.11.18-23.13.03:291][791]LogAudioMixer: Display: Initializing Sound Submixes...
[2022.11.18-23.13.03:291][791]LogAudioMixer: Display: Creating Master Submix 'MasterSubmixDefault'
[2022.11.18-23.13.03:291][791]LogAudioMixer: Display: Creating Master Submix 'MasterReverbSubmixDefault'
[2022.11.18-23.13.03:291][791]LogAudioMixer: Display: Creating Master Submix 'MasterEQSubmixDefault'
[2022.11.18-23.13.03:291][791]LogAudioMixer: FMixerPlatformXAudio2::StartAudioStream() called
[2022.11.18-23.13.03:291][791]LogAudioMixer: Display: Output buffers initialized: Frames=1024, Channels=2, Samples=2048
[2022.11.18-23.13.03:293][791]LogAudioMixer: Display: Starting AudioMixerPlatformInterface::RunInternal()
[2022.11.18-23.13.03:293][791]LogAudioMixer: Display: StartRunningNullDevice() called
[2022.11.18-23.13.03:293][791]LogInit: FAudioDevice initialized.
[2022.11.18-23.13.03:293][791]LogAudio: Display: Audio Device (ID: 2) registered with world 'Untitled'.
[2022.11.18-23.13.03:304][791]LogLoad: Game class is 'VH_Gamemode_C'
[2022.11.18-23.13.03:307][791]LogWorld: Bringing World /Temp/UEDPIE_0_Untitled_0.Untitled up for play (max tick rate 0) at 2022.11.19-00.13.03
[2022.11.18-23.13.03:307][791]LogWorld: Bringing up level for play took: 0.000382
[2022.11.18-23.13.03:307][791]LogOnline: OSS: Creating online subsystem instance for: :Context_5
[2022.11.18-23.13.03:315][791]LogNativeClassHierarchy: Verbose: Native class hierarchy updated for 'MovieSceneCapture' in 0.0003 seconds. Added 20 classes and 0 folders.
[2022.11.18-23.13.03:318][791]LogPhysics: Warning: UWorld::FindTeleportSpot called with an actor that is intersecting geometry. Failed to find new location likely due to movement component's 'UpdatedComponent' not being a collider component.
[2022.11.18-23.13.03:318][791]LogSpawn: Warning: SpawnActor failed because of collision at the spawn location [X=0.000 Y=0.000 Z=150.000] for [VH_Buggy_C]
[2022.11.18-23.13.03:319][791]LogOutputDevice: Warning: 

Script Stack (4 frames):
GameModeBase.SpawnDefaultPawnFor
GameModeBase.HandleStartingNewPlayer
VH_Gamemode_C.ExecuteUbergraph_VH_Gamemode
VH_Gamemode_C.ReceiveBeginPlay

[2022.11.18-23.13.03:319][791]LogWindows: Windows GetLastError: Handlingen er gennemført. (0)
[2022.11.18-23.13.04:854][791]LogAudioMixer: Display: Audio Buffer Underrun (starvation) detected.
[2022.11.18-23.13.04:854][791]LogWindows: Error: === Critical error: ===
[2022.11.18-23.13.04:854][791]LogWindows: Error: 
[2022.11.18-23.13.04:854][791]LogWindows: Error: Assertion failed: ResultPawn != nullptr [File:D:\Build\++UE4\Sync\LocalBuilds\VehicleGame\Windows\Source\VehicleGame\Private\VehicleGameMode.cpp] [Line: 108] 
[2022.11.18-23.13.04:854][791]LogWindows: Error: 
[2022.11.18-23.13.04:854][791]LogWindows: Error: 
[2022.11.18-23.13.04:854][791]LogWindows: Error: 
[2022.11.18-23.13.04:854][791]LogWindows: Error: [Callstack] 0x00007ffccb15cd29 KERNELBASE.dll!UnknownFunction []
[2022.11.18-23.13.04:854][791]LogWindows: Error: [Callstack] 0x00007ffc37a339b8 UE4Editor-Core.dll!UnknownFunction []
[2022.11.18-23.13.04:854][791]LogWindows: Error: [Callstack] 0x0000001752174410 UnknownFunction []
[2022.11.18-23.13.04:854][791]LogWindows: Error: [Callstack] 0x0000000000000400 UnknownFunction []
[2022.11.18-23.13.04:854][791]LogWindows: Error: [Callstack] 0x000000000000004a UnknownFunction []
[2022.11.18-23.13.04:854][791]LogWindows: Error: [Callstack] 0x0000000000004000 UnknownFunction []
[2022.11.18-23.13.04:854][791]LogWindows: Error: 
[2022.11.18-23.13.04:904][791]LogExit: Executing StaticShutdownAfterError
[2022.11.18-23.13.04:906][791]LogWindows: FPlatformMisc::RequestExit(1)
[2022.11.18-23.13.04:906][791]LogWindows: FPlatformMisc::RequestExitWithStatus(1, 3)
[2022.11.18-23.13.04:906][791]LogCore: Engine exit requested (reason: Win RequestExit)
[2022.11.18-23.13.04:939][791]Log file closed, 11/19/22 00:13:04
